#
# A fatal error has been detected by the Java Runtime Environment:
#
#  EXCEPTION_ACCESS_VIOLATION (0xc0000005) at pc=0x000000006cf02928, pid=5032, tid=0x00000000000025f0
#
# JRE version: Java(TM) SE Runtime Environment (8.0_131-b11) (build 1.8.0_131-b11)
# Java VM: Java HotSpot(TM) 64-Bit Server VM (25.131-b11 mixed mode windows-amd64 compressed oops)
# Problematic frame:
# C  [jdwp.dll+0x22928]
#
# Failed to write core dump. Minidumps are not enabled by default on client versions of Windows
#
# If you would like to submit a bug report, please visit:
#   http://bugreport.java.com/bugreport/crash.jsp
# The crash happened outside the Java Virtual Machine in native code.
# See problematic frame for where to report the bug.
#

---------------  T H R E A D  ---------------

Current thread (0x000000005650a800):  JavaThread "JDWP Command Reader" daemon [_thread_in_native, id=9712, stack(0x0000000057040000,0x0000000057140000)]

siginfo: ExceptionCode=0xc0000005, reading address 0x0000000000000000

Registers:
RAX=0x000000006cf0f5a0, RBX=0x000000000000000c, RCX=0x0000000000000000, RDX=0x0000000000000028
RSP=0x000000005713f700, RBP=0x000000005713f970, RSI=0x0000000000000004, RDI=0x000000006fd233c0
R8 =0x000000005713f768, R9 =0x7eff06fdfc7cff6b, R10=0x81010101010100f8, R11=0x8101010101010100
R12=0x000000006cf091d8, R13=0x000000005650b588, R14=0x0000000000000000, R15=0x0000000000000000
RIP=0x000000006cf02928, EFLAGS=0x0000000000010206

Top of Stack: (sp=0x000000005713f700)
0x000000005713f700:   0000000000002714 ffffffffffb3b4c0
0x000000005713f710:   0000000000000314 000000005713f838
0x000000005713f720:   0000000000000001 000000006fd223c0
0x000000005713f730:   0000000000000000 0000000000000000
0x000000005713f740:   000000005650b588 0000000000000000
0x000000005713f750:   000000006fd233c0 000000006fd2108e
0x000000005713f760:   000000000000000c 000007fefd7e3706
0x000000005713f770:   0000000000000004 000000006eaaf701
0x000000005713f780:   7075727265746e49 636e756620646574
0x000000005713f790:   6c6163206e6f6974 000007fefd7e006c
0x000000005713f7a0:   0000000000000000 0000000000000000
0x000000005713f7b0:   000000005650b588 0000000000000000
0x000000005713f7c0:   00000000000002b4 000007fefd7d0369
0x000000005713f7d0:   00000000000002b4 00000000022c5e70
0x000000005713f7e0:   0000000000000004 000000005713f824
0x000000005713f7f0:   000000005713f888 0000000000000000 

Instructions: (pc=0x000000006cf02928)
0x000000006cf02908:   83 ec 50 48 63 d1 85 c9 75 07 33 c0 e9 84 00 00
0x000000006cf02918:   00 48 8b 05 c8 d3 00 00 4c 8d 44 24 68 48 8b 08
0x000000006cf02928:   48 8b 01 ff 90 68 01 00 00 8b f8 85 c0 74 61 8b
0x000000006cf02938:   c8 e8 72 ca fe ff 48 8b d8 ff 15 e9 48 00 00 c7 


Register to memory mapping:

RAX=0x000000006cf0f5a0 is an unknown value
RBX=0x000000000000000c is an unknown value
RCX=0x0000000000000000 is an unknown value
RDX=0x0000000000000028 is an unknown value
RSP=0x000000005713f700 is pointing into the stack for thread: 0x000000005650a800
RBP=0x000000005713f970 is pointing into the stack for thread: 0x000000005650a800
RSI=0x0000000000000004 is an unknown value
RDI=0x000000006fd233c0 is an unknown value
R8 =0x000000005713f768 is pointing into the stack for thread: 0x000000005650a800
R9 =0x7eff06fdfc7cff6b is an unknown value
R10=0x81010101010100f8 is an unknown value
R11=0x8101010101010100 is an unknown value
R12=0x000000006cf091d8 is an unknown value
R13=0x000000005650b588 is an unknown value
R14=0x0000000000000000 is an unknown value
R15=0x0000000000000000 is an unknown value


Stack: [0x0000000057040000,0x0000000057140000],  sp=0x000000005713f700,  free space=1021k
Native frames: (J=compiled Java code, j=interpreted, Vv=VM code, C=native code)
C  [jdwp.dll+0x22928]
C  [dt_socket.dll+0x108e]
C  [dt_socket.dll+0x15f6]
C  [jdwp.dll+0x1fad1]
C  [jdwp.dll+0xed38]
V  [jvm.dll+0x1bda28]
V  [jvm.dll+0x24537f]
V  [jvm.dll+0x29cc1a]
C  [msvcr100.dll+0x21d9f]
C  [msvcr100.dll+0x21e3b]
C  [kernel32.dll+0x159cd]
C  [ntdll.dll+0x5383d]


---------------  P R O C E S S  ---------------

Java Threads: ( => current thread )
  0x000000005e1d2800 JavaThread "ejb-client-context-tasks-2-thread-4" daemon [_thread_blocked, id=8592, stack(0x0000000063a50000,0x0000000063b50000)]
  0x000000005e1d4800 JavaThread "ejb-client-context-tasks-2-thread-3" daemon [_thread_blocked, id=9560, stack(0x0000000063800000,0x0000000063900000)]
  0x000000006084e800 JavaThread "ResourceAdapterDeploymentService Thread Pool -- 1" [_thread_blocked, id=7524, stack(0x0000000063610000,0x0000000063710000)]
  0x00000000595b0800 JavaThread "ServerService Thread Pool -- 87" [_thread_blocked, id=9396, stack(0x000000005cdd0000,0x000000005ced0000)]
  0x00000000595af800 JavaThread "ServerService Thread Pool -- 86" [_thread_blocked, id=9456, stack(0x0000000061a60000,0x0000000061b60000)]
  0x0000000060d09800 JavaThread "ServerService Thread Pool -- 85" [_thread_blocked, id=10092, stack(0x00000000627c0000,0x00000000628c0000)]
  0x000000005d89f800 JavaThread "ServerService Thread Pool -- 83" [_thread_blocked, id=8756, stack(0x0000000062a00000,0x0000000062b00000)]
  0x0000000068ed9000 JavaThread "ServerService Thread Pool -- 79" [_thread_blocked, id=5048, stack(0x0000000062c30000,0x0000000062d30000)]
  0x0000000068ed8000 JavaThread "ServerService Thread Pool -- 82" [_thread_blocked, id=2092, stack(0x0000000062b20000,0x0000000062c20000)]
  0x0000000068ed3800 JavaThread "ServerService Thread Pool -- 76" [_thread_blocked, id=736, stack(0x0000000061420000,0x0000000061520000)]
  0x0000000059d2a800 JavaThread "ServerService Thread Pool -- 73" [_thread_blocked, id=10236, stack(0x000000005c160000,0x000000005c260000)]
  0x0000000059d29800 JavaThread "ServerService Thread Pool -- 72" [_thread_blocked, id=10228, stack(0x0000000058bf0000,0x0000000058cf0000)]
  0x000000005e1d0000 JavaThread "Management Triggered Shutdown" [_thread_blocked, id=8436, stack(0x0000000061e40000,0x0000000061f40000)]
  0x0000000059936000 JavaThread "management-handler-thread - 1" [_thread_blocked, id=8888, stack(0x0000000061b60000,0x0000000061c60000)]
  0x000000005da22800 JavaThread "ServerService Thread Pool -- 70" [_thread_blocked, id=8564, stack(0x00000000617f0000,0x00000000618f0000)]
  0x000000005da22000 JavaThread "management-handler-thread - 1" [_thread_blocked, id=9928, stack(0x0000000061220000,0x0000000061320000)]
  0x00000000591a2800 JavaThread "http-/127.0.0.1:8181-6" daemon [_thread_blocked, id=3888, stack(0x000000005adc0000,0x000000005aec0000)]
  0x000000005919e000 JavaThread "http-/127.0.0.1:8181-5" daemon [_thread_blocked, id=9312, stack(0x000000005aec0000,0x000000005afc0000)]
  0x00000000591a1000 JavaThread "http-/127.0.0.1:8181-4" daemon [_thread_blocked, id=9284, stack(0x000000005ab00000,0x000000005ac00000)]
  0x00000000591a0000 JavaThread "http-/127.0.0.1:8181-3" daemon [_thread_blocked, id=6304, stack(0x000000005ac20000,0x000000005ad20000)]
  0x0000000060d0f800 JavaThread "Timer-1" daemon [_thread_blocked, id=8328, stack(0x000000006c510000,0x000000006c610000)]
  0x0000000060d0c800 JavaThread "Buffer reclamation thread" daemon [_thread_blocked, id=8748, stack(0x000000006d920000,0x000000006da20000)]
  0x000000005e1d5800 JavaThread "AOMRemoval" daemon [_thread_blocked, id=7164, stack(0x00000000679c0000,0x0000000067ac0000)]
  0x000000005e1d6000 JavaThread "AOMRemoval" daemon [_thread_blocked, id=8352, stack(0x0000000067b70000,0x0000000067c70000)]
  0x000000005e1d3000 JavaThread "AOMRemoval" daemon [_thread_blocked, id=7120, stack(0x0000000067510000,0x0000000067610000)]
  0x000000005da27000 JavaThread "http-/127.0.0.1:8181-1" daemon [_thread_blocked, id=5504, stack(0x00000000666b0000,0x00000000667b0000)]
  0x000000005da25800 JavaThread "Transaction Reaper Worker 0" daemon [_thread_blocked, id=2144, stack(0x00000000667f0000,0x00000000668f0000)]
  0x000000005da25000 JavaThread "Transaction Reaper" daemon [_thread_blocked, id=7568, stack(0x0000000066280000,0x0000000066380000)]
  0x000000005d8a0000 JavaThread "http-/127.0.0.1:8181-Poller" daemon [_thread_blocked, id=4932, stack(0x0000000065d70000,0x0000000065e70000)]
  0x000000005d89e800 JavaThread "ajp-/127.0.0.1:8009-Acceptor-0" daemon [_thread_blocked, id=3804, stack(0x0000000064bd0000,0x0000000064cd0000)]
  0x000000005d89e000 JavaThread "ajp-/127.0.0.1:8009-Poller" daemon [_thread_blocked, id=2168, stack(0x0000000065510000,0x0000000065610000)]
  0x000000005919d000 JavaThread "DestroyJavaVM" [_thread_blocked, id=9664, stack(0x0000000002350000,0x0000000002450000)]
  0x0000000057fc9800 JavaThread "ServerDeploymentRepository-temp-threads - 1" daemon [_thread_blocked, id=324, stack(0x000000005a020000,0x000000005a120000)]
  0x0000000057ecc000 JavaThread "MSC service thread 1-8" [_thread_blocked, id=8296, stack(0x0000000058ee0000,0x0000000058fe0000)]
  0x0000000057ed7000 JavaThread "MSC service thread 1-2" [_thread_blocked, id=9244, stack(0x0000000057710000,0x0000000057810000)]
  0x000000005665b800 JavaThread "Reference Reaper" daemon [_thread_blocked, id=2372, stack(0x00000000574f0000,0x00000000575f0000)]
  0x000000005658b000 JavaThread "Service Thread" daemon [_thread_blocked, id=5876, stack(0x0000000057600000,0x0000000057700000)]
  0x0000000056516800 JavaThread "C1 CompilerThread2" daemon [_thread_blocked, id=10224, stack(0x00000000573f0000,0x00000000574f0000)]
  0x0000000056512800 JavaThread "C2 CompilerThread1" daemon [_thread_blocked, id=7372, stack(0x0000000057280000,0x0000000057380000)]
  0x000000005650f800 JavaThread "C2 CompilerThread0" daemon [_thread_blocked, id=6436, stack(0x0000000057150000,0x0000000057250000)]
=>0x000000005650a800 JavaThread "JDWP Command Reader" daemon [_thread_in_native, id=9712, stack(0x0000000057040000,0x0000000057140000)]
  0x00000000564fd800 JavaThread "JDWP Event Helper Thread" daemon [_thread_blocked, id=9588, stack(0x0000000056f10000,0x0000000057010000)]
  0x00000000550d7000 JavaThread "JDWP Transport Listener: dt_socket" daemon [_thread_blocked, id=7296, stack(0x0000000056ba0000,0x0000000056ca0000)]
  0x00000000564f0800 JavaThread "Attach Listener" daemon [_thread_blocked, id=4312, stack(0x0000000056ca0000,0x0000000056da0000)]
  0x00000000550d5800 JavaThread "Signal Dispatcher" daemon [_thread_blocked, id=9520, stack(0x0000000056a70000,0x0000000056b70000)]
  0x00000000550be000 JavaThread "Finalizer" daemon [_thread_blocked, id=5944, stack(0x00000000563f0000,0x00000000564f0000)]
  0x0000000055074800 JavaThread "Reference Handler" daemon [_thread_blocked, id=8400, stack(0x00000000561e0000,0x00000000562e0000)]

Other Threads:
  0x000000005506f000 VMThread [stack: 0x0000000055fc0000,0x00000000560c0000] [id=7328]

VM state:at safepoint (normal execution)

VM Mutex/Monitor currently owned by a thread:  ([mutex/lock_event])
[0x0000000002188980] Threads_lock - owner thread: 0x000000005506f000

Heap:
 PSYoungGen      total 275456K, used 89592K [0x00000000eab00000, 0x0000000100000000, 0x0000000100000000)
  eden space 204800K, 34% used [0x00000000eab00000,0x00000000ef02d600,0x00000000f7300000)
  from space 70656K, 26% used [0x00000000f7300000,0x00000000f8550c08,0x00000000fb800000)
  to   space 69120K, 0% used [0x00000000fbc80000,0x00000000fbc80000,0x0000000100000000)
 ParOldGen       total 699392K, used 148836K [0x00000000c0000000, 0x00000000eab00000, 0x00000000eab00000)
  object space 699392K, 21% used [0x00000000c0000000,0x00000000c91591e0,0x00000000eab00000)
 Metaspace       used 125069K, capacity 134874K, committed 143872K, reserved 1173504K
  class space    used 15615K, capacity 18546K, committed 20736K, reserved 1048576K

Card table byte_map: [0x0000000011ae0000,0x0000000011cf0000] byte_map_base: 0x00000000114e0000

Marking Bits: (ParMarkBitMap*) 0x000000006f0ac720
 Begin Bits: [0x00000000124e0000, 0x00000000134e0000)
 End Bits:   [0x00000000134e0000, 0x00000000144e0000)

Polling page: 0x0000000000560000

CodeCache: size=245760Kb used=32753Kb max_used=33804Kb free=213006Kb
 bounds [0x0000000002720000, 0x00000000048d0000, 0x0000000011720000]
 total_blobs=9912 nmethods=9088 adapters=742
 compilation: enabled

Compilation events (10 events):
Event: 536.004 Thread 0x0000000056516800 11299       3       org.jboss.vfs.VFSUtils::recursiveDelete (102 bytes)
Event: 536.006 Thread 0x0000000056516800 nmethod 11299 0x0000000003c40190 code [0x0000000003c40540, 0x0000000003c42448]
Event: 536.036 Thread 0x0000000056516800 11300   !   3       org.jboss.msc.service.StabilityMonitor::removeControllerNoCallback (34 bytes)
Event: 536.037 Thread 0x0000000056516800 nmethod 11300 0x0000000003157250 code [0x00000000031573c0, 0x0000000003157768]
Event: 536.064 Thread 0x0000000056516800 11301       3       java.util.concurrent.atomic.AtomicBoolean::compareAndSet (35 bytes)
Event: 536.064 Thread 0x0000000056516800 nmethod 11301 0x0000000003c8ab90 code [0x0000000003c8ace0, 0x0000000003c8af10]
Event: 536.080 Thread 0x0000000056516800 11302       1       org.jboss.as.server.deployment.module.ResourceRoot::getMountHandle (5 bytes)
Event: 536.080 Thread 0x0000000056516800 nmethod 11302 0x0000000003c45190 code [0x0000000003c452e0, 0x0000000003c453f0]
Event: 536.107 Thread 0x0000000056516800 11304       3       java.util.concurrent.locks.AbstractQueuedSynchronizer::addWaiter (50 bytes)
Event: 536.108 Thread 0x0000000056516800 nmethod 11304 0x0000000002c1cf90 code [0x0000000002c1d120, 0x0000000002c1d588]

GC Heap History (10 events):
Event: 84.835 GC heap before
{Heap before GC invocations=21 (full 4):
 PSYoungGen      total 266240K, used 246987K [0x00000000eab00000, 0x0000000100000000, 0x0000000100000000)
  eden space 193536K, 100% used [0x00000000eab00000,0x00000000f6800000,0x00000000f6800000)
  from space 72704K, 73% used [0x00000000fb900000,0x00000000fed32da0,0x0000000100000000)
  to   space 77824K, 0% used [0x00000000f6800000,0x00000000f6800000,0x00000000fb400000)
 ParOldGen       total 699392K, used 91360K [0x00000000c0000000, 0x00000000eab00000, 0x00000000eab00000)
  object space 699392K, 13% used [0x00000000c0000000,0x00000000c59381b8,0x00000000eab00000)
 Metaspace       used 111750K, capacity 121162K, committed 130176K, reserved 1161216K
  class space    used 14200K, capacity 17065K, committed 19328K, reserved 1048576K
Event: 84.920 GC heap after
Heap after GC invocations=21 (full 4):
 PSYoungGen      total 271360K, used 41830K [0x00000000eab00000, 0x0000000100000000, 0x0000000100000000)
  eden space 193536K, 0% used [0x00000000eab00000,0x00000000eab00000,0x00000000f6800000)
  from space 77824K, 53% used [0x00000000f6800000,0x00000000f90d9a00,0x00000000fb400000)
  to   space 77312K, 0% used [0x00000000fb480000,0x00000000fb480000,0x0000000100000000)
 ParOldGen       total 699392K, used 115602K [0x00000000c0000000, 0x00000000eab00000, 0x00000000eab00000)
  object space 699392K, 16% used [0x00000000c0000000,0x00000000c70e4a18,0x00000000eab00000)
 Metaspace       used 111750K, capacity 121162K, committed 130176K, reserved 1161216K
  class space    used 14200K, capacity 17065K, committed 19328K, reserved 1048576K
}
Event: 92.926 GC heap before
{Heap before GC invocations=22 (full 4):
 PSYoungGen      total 271360K, used 235366K [0x00000000eab00000, 0x0000000100000000, 0x0000000100000000)
  eden space 193536K, 100% used [0x00000000eab00000,0x00000000f6800000,0x00000000f6800000)
  from space 77824K, 53% used [0x00000000f6800000,0x00000000f90d9a00,0x00000000fb400000)
  to   space 77312K, 0% used [0x00000000fb480000,0x00000000fb480000,0x0000000100000000)
 ParOldGen       total 699392K, used 115602K [0x00000000c0000000, 0x00000000eab00000, 0x00000000eab00000)
  object space 699392K, 16% used [0x00000000c0000000,0x00000000c70e4a18,0x00000000eab00000)
 Metaspace       used 116360K, capacity 126012K, committed 135040K, reserved 1165312K
  class space    used 14743K, capacity 17596K, committed 19840K, reserved 1048576K
Event: 93.014 GC heap after
Heap after GC invocations=22 (full 4):
 PSYoungGen      total 272896K, used 42037K [0x00000000eab00000, 0x0000000100000000, 0x0000000100000000)
  eden space 195584K, 0% used [0x00000000eab00000,0x00000000eab00000,0x00000000f6a00000)
  from space 77312K, 54% used [0x00000000fb480000,0x00000000fdd8d470,0x0000000100000000)
  to   space 76288K, 0% used [0x00000000f6a00000,0x00000000f6a00000,0x00000000fb480000)
 ParOldGen       total 699392K, used 115610K [0x00000000c0000000, 0x00000000eab00000, 0x00000000eab00000)
  object space 699392K, 16% used [0x00000000c0000000,0x00000000c70e6a18,0x00000000eab00000)
 Metaspace       used 116360K, capacity 126012K, committed 135040K, reserved 1165312K
  class space    used 14743K, capacity 17596K, committed 19840K, reserved 1048576K
}
Event: 93.449 GC heap before
{Heap before GC invocations=23 (full 4):
 PSYoungGen      total 272896K, used 237621K [0x00000000eab00000, 0x0000000100000000, 0x0000000100000000)
  eden space 195584K, 100% used [0x00000000eab00000,0x00000000f6a00000,0x00000000f6a00000)
  from space 77312K, 54% used [0x00000000fb480000,0x00000000fdd8d470,0x0000000100000000)
  to   space 76288K, 0% used [0x00000000f6a00000,0x00000000f6a00000,0x00000000fb480000)
 ParOldGen       total 699392K, used 115610K [0x00000000c0000000, 0x00000000eab00000, 0x00000000eab00000)
  object space 699392K, 16% used [0x00000000c0000000,0x00000000c70e6a18,0x00000000eab00000)
 Metaspace       used 116375K, capacity 126012K, committed 135040K, reserved 1165312K
  class space    used 14743K, capacity 17596K, committed 19840K, reserved 1048576K
Event: 93.488 GC heap after
Heap after GC invocations=23 (full 4):
 PSYoungGen      total 271872K, used 37823K [0x00000000eab00000, 0x0000000100000000, 0x0000000100000000)
  eden space 195584K, 0% used [0x00000000eab00000,0x00000000eab00000,0x00000000f6a00000)
  from space 76288K, 49% used [0x00000000f6a00000,0x00000000f8eeffd0,0x00000000fb480000)
  to   space 73728K, 0% used [0x00000000fb800000,0x00000000fb800000,0x0000000100000000)
 ParOldGen       total 699392K, used 115618K [0x00000000c0000000, 0x00000000eab00000, 0x00000000eab00000)
  object space 699392K, 16% used [0x00000000c0000000,0x00000000c70e8a18,0x00000000eab00000)
 Metaspace       used 116375K, capacity 126012K, committed 135040K, reserved 1165312K
  class space    used 14743K, capacity 17596K, committed 19840K, reserved 1048576K
}
Event: 95.885 GC heap before
{Heap before GC invocations=24 (full 4):
 PSYoungGen      total 271872K, used 233407K [0x00000000eab00000, 0x0000000100000000, 0x0000000100000000)
  eden space 195584K, 100% used [0x00000000eab00000,0x00000000f6a00000,0x00000000f6a00000)
  from space 76288K, 49% used [0x00000000f6a00000,0x00000000f8eeffd0,0x00000000fb480000)
  to   space 73728K, 0% used [0x00000000fb800000,0x00000000fb800000,0x0000000100000000)
 ParOldGen       total 699392K, used 115618K [0x00000000c0000000, 0x00000000eab00000, 0x00000000eab00000)
  object space 699392K, 16% used [0x00000000c0000000,0x00000000c70e8a18,0x00000000eab00000)
 Metaspace       used 123495K, capacity 133148K, committed 142208K, reserved 1171456K
  class space    used 15435K, capacity 18316K, committed 20608K, reserved 1048576K
Event: 95.978 GC heap after
Heap after GC invocations=24 (full 4):
 PSYoungGen      total 278528K, used 28426K [0x00000000eab00000, 0x0000000100000000, 0x0000000100000000)
  eden space 204800K, 0% used [0x00000000eab00000,0x00000000eab00000,0x00000000f7300000)
  from space 73728K, 38% used [0x00000000fb800000,0x00000000fd3c2a18,0x0000000100000000)
  to   space 70656K, 0% used [0x00000000f7300000,0x00000000f7300000,0x00000000fb800000)
 ParOldGen       total 699392K, used 139404K [0x00000000c0000000, 0x00000000eab00000, 0x00000000eab00000)
  object space 699392K, 19% used [0x00000000c0000000,0x00000000c8823190,0x00000000eab00000)
 Metaspace       used 123495K, capacity 133148K, committed 142208K, reserved 1171456K
  class space    used 15435K, capacity 18316K, committed 20608K, reserved 1048576K
}
Event: 426.082 GC heap before
{Heap before GC invocations=25 (full 4):
 PSYoungGen      total 278528K, used 233226K [0x00000000eab00000, 0x0000000100000000, 0x0000000100000000)
  eden space 204800K, 100% used [0x00000000eab00000,0x00000000f7300000,0x00000000f7300000)
  from space 73728K, 38% used [0x00000000fb800000,0x00000000fd3c2a18,0x0000000100000000)
  to   space 70656K, 0% used [0x00000000f7300000,0x00000000f7300000,0x00000000fb800000)
 ParOldGen       total 699392K, used 139404K [0x00000000c0000000, 0x00000000eab00000, 0x00000000eab00000)
  object space 699392K, 19% used [0x00000000c0000000,0x00000000c8823190,0x00000000eab00000)
 Metaspace       used 124441K, capacity 134228K, committed 143360K, reserved 1171456K
  class space    used 15557K, capacity 18480K, committed 20736K, reserved 1048576K
Event: 426.106 GC heap after
Heap after GC invocations=25 (full 4):
 PSYoungGen      total 275456K, used 18755K [0x00000000eab00000, 0x0000000100000000, 0x0000000100000000)
  eden space 204800K, 0% used [0x00000000eab00000,0x00000000eab00000,0x00000000f7300000)
  from space 70656K, 26% used [0x00000000f7300000,0x00000000f8550c08,0x00000000fb800000)
  to   space 69120K, 0% used [0x00000000fbc80000,0x00000000fbc80000,0x0000000100000000)
 ParOldGen       total 699392K, used 148836K [0x00000000c0000000, 0x00000000eab00000, 0x00000000eab00000)
  object space 699392K, 21% used [0x00000000c0000000,0x00000000c91591e0,0x00000000eab00000)
 Metaspace       used 124441K, capacity 134228K, committed 143360K, reserved 1171456K
  class space    used 15557K, capacity 18480K, committed 20736K, reserved 1048576K
}

Deoptimization events (10 events):
Event: 535.836 Thread 0x0000000057ec5800 Uncommon trap: reason=unstable_if action=reinterpret pc=0x0000000002c6bbd0 method=org.jboss.msc.service.IdentityHashSet.remove(Ljava/lang/Object;)Z @ 40
Event: 536.102 Thread 0x0000000057ed7000 Uncommon trap: reason=unstable_if action=reinterpret pc=0x0000000003154c1c method=org.jboss.as.controller.PathAddress.pathAddress(Ljava/util/List;)Lorg/jboss/as/controller/PathAddress; @ 113
Event: 536.108 Thread 0x0000000057ec5000 Uncommon trap: reason=unstable_if action=reinterpret pc=0x00000000035dd56c method=java.util.concurrent.locks.AbstractQueuedSynchronizer$ConditionObject.checkInterruptWhileWaiting(Ljava/util/concurrent/locks/AbstractQueuedSynchronizer$Node;)I @ 3
Event: 536.108 Thread 0x0000000057ec5800 Uncommon trap: reason=unstable_if action=reinterpret pc=0x00000000035dd56c method=java.util.concurrent.locks.AbstractQueuedSynchronizer$ConditionObject.checkInterruptWhileWaiting(Ljava/util/concurrent/locks/AbstractQueuedSynchronizer$Node;)I @ 3
Event: 536.108 Thread 0x0000000057ecb000 Uncommon trap: reason=unstable_if action=reinterpret pc=0x00000000035dd56c method=java.util.concurrent.locks.AbstractQueuedSynchronizer$ConditionObject.checkInterruptWhileWaiting(Ljava/util/concurrent/locks/AbstractQueuedSynchronizer$Node;)I @ 3
Event: 536.108 Thread 0x0000000057ec8800 Uncommon trap: reason=unstable_if action=reinterpret pc=0x00000000035dd56c method=java.util.concurrent.locks.AbstractQueuedSynchronizer$ConditionObject.checkInterruptWhileWaiting(Ljava/util/concurrent/locks/AbstractQueuedSynchronizer$Node;)I @ 3
Event: 536.108 Thread 0x0000000057ed6000 Uncommon trap: reason=unstable_if action=reinterpret pc=0x00000000035dd56c method=java.util.concurrent.locks.AbstractQueuedSynchronizer$ConditionObject.checkInterruptWhileWaiting(Ljava/util/concurrent/locks/AbstractQueuedSynchronizer$Node;)I @ 3
Event: 536.109 Thread 0x0000000057ed7000 Uncommon trap: reason=unstable_if action=reinterpret pc=0x00000000035dd56c method=java.util.concurrent.locks.AbstractQueuedSynchronizer$ConditionObject.checkInterruptWhileWaiting(Ljava/util/concurrent/locks/AbstractQueuedSynchronizer$Node;)I @ 3
Event: 536.109 Thread 0x0000000057ecc000 Uncommon trap: reason=unstable_if action=reinterpret pc=0x00000000035dd56c method=java.util.concurrent.locks.AbstractQueuedSynchronizer$ConditionObject.checkInterruptWhileWaiting(Ljava/util/concurrent/locks/AbstractQueuedSynchronizer$Node;)I @ 3
Event: 536.110 Thread 0x0000000057ecc000 Uncommon trap: reason=bimorphic action=maybe_recompile pc=0x0000000003df54cc method=java.util.HashMap.removeNode(ILjava/lang/Object;Ljava/lang/Object;ZZ)Ljava/util/HashMap$Node; @ 143

Internal exceptions (10 events):
Event: 535.242 Thread 0x0000000058055800 Exception <a 'java/io/IOException'> (0x00000000ed9b6178) thrown at [C:\re\workspace\8-2-build-windows-amd64-cygwin\jdk8u131\8869\hotspot\src\share\vm\prims\jni.cpp, line 709]
Event: 535.515 Thread 0x0000000060d09800 Exception <a 'sun/net/ConnectionResetException': > (0x00000000edc015e0) thrown at [C:\re\workspace\8-2-build-windows-amd64-cygwin\jdk8u131\8869\hotspot\src\share\vm\prims\jni.cpp, line 735]
Event: 535.515 Thread 0x0000000060d09800 Exception <a 'sun/net/ConnectionResetException': > (0x00000000edc01810) thrown at [C:\re\workspace\8-2-build-windows-amd64-cygwin\jdk8u131\8869\hotspot\src\share\vm\prims\jni.cpp, line 735]
Event: 535.683 Thread 0x0000000057ecc800 Exception <a 'java/lang/LinkageError': loader (instance of  org/jboss/modules/ModuleClassLoader): attempted  duplicate class definition for name: "org/jboss/as/threads/BoundedQueueThreadPoolService$1"> (0x00000000ee325418) thrown at [C:\re\workspace\8-2-b
Event: 535.683 Thread 0x0000000057ecc800 Exception <a 'java/lang/LinkageError'> (0x00000000ee325418) thrown at [C:\re\workspace\8-2-build-windows-amd64-cygwin\jdk8u131\8869\hotspot\src\share\vm\classfile\systemDictionary.cpp, line 1538]
Event: 535.731 Thread 0x000000005e1d4800 Exception <a 'java/net/SocketException': socket closed> (0x00000000ee83c108) thrown at [C:\re\workspace\8-2-build-windows-amd64-cygwin\jdk8u131\8869\hotspot\src\share\vm\prims\jni.cpp, line 735]
Event: 535.790 Thread 0x000000005d89c800 Exception <a 'java/lang/InterruptedException': sleep interrupted> (0x00000000ed7b4288) thrown at [C:\re\workspace\8-2-build-windows-amd64-cygwin\jdk8u131\8869\hotspot\src\share\vm\prims\jvm.cpp, line 3228]
Event: 535.951 Thread 0x000000005968e800 Exception <a 'java/net/SocketException': socket closed> (0x00000000eb38a040) thrown at [C:\re\workspace\8-2-build-windows-amd64-cygwin\jdk8u131\8869\hotspot\src\share\vm\prims\jni.cpp, line 735]
Event: 535.952 Thread 0x000000005968f000 Exception <a 'java/net/SocketException': socket closed> (0x00000000ee9ed558) thrown at [C:\re\workspace\8-2-build-windows-amd64-cygwin\jdk8u131\8869\hotspot\src\share\vm\prims\jni.cpp, line 735]
Event: 535.953 Thread 0x000000005968b800 Exception <a 'java/net/SocketException': socket closed> (0x00000000ee9f93f0) thrown at [C:\re\workspace\8-2-build-windows-amd64-cygwin\jdk8u131\8869\hotspot\src\share\vm\prims\jni.cpp, line 735]

Events (10 events):
Event: 536.111 Executing VM operation: RevokeBias
Event: 536.111 Executing VM operation: RevokeBias done
Event: 536.111 Thread 0x0000000060d0a000 Thread exited: 0x0000000060d0a000
Event: 536.111 Executing VM operation: RevokeBias
Event: 536.111 Executing VM operation: RevokeBias done
Event: 536.111 Thread 0x0000000068ed2000 Thread exited: 0x0000000068ed2000
Event: 536.111 Thread 0x0000000057ec5000 Thread exited: 0x0000000057ec5000
Event: 536.111 Thread 0x0000000057ecb000 Thread exited: 0x0000000057ecb000
Event: 536.112 Thread 0x0000000068ed6800 Thread exited: 0x0000000068ed6800
Event: 536.113 Executing VM operation: Exit


Dynamic libraries:
0x000000013fae0000 - 0x000000013fb17000 	C:\Kit\java\jdk1.8.0_131\bin\javaw.exe
0x0000000076ff0000 - 0x000000007718f000 	C:\windows\SYSTEM32\ntdll.dll
0x0000000076dd0000 - 0x0000000076eef000 	C:\windows\system32\kernel32.dll
0x000007fefcf10000 - 0x000007fefcf7a000 	C:\windows\system32\KERNELBASE.dll
0x00000000749c0000 - 0x0000000074a49000 	C:\windows\System32\SYSFER.DLL
0x000007fefdb40000 - 0x000007fefdc1b000 	C:\windows\system32\ADVAPI32.dll
0x000007fefd3d0000 - 0x000007fefd46f000 	C:\windows\system32\msvcrt.dll
0x000007fefdd00000 - 0x000007fefdd1f000 	C:\windows\SYSTEM32\sechost.dll
0x000007fefd690000 - 0x000007fefd7bd000 	C:\windows\system32\RPCRT4.dll
0x0000000076ef0000 - 0x0000000076fea000 	C:\windows\system32\USER32.dll
0x000007fefde30000 - 0x000007fefde97000 	C:\windows\system32\GDI32.dll
0x000007fefd680000 - 0x000007fefd68e000 	C:\windows\system32\LPK.dll
0x000007feff200000 - 0x000007feff2cb000 	C:\windows\system32\USP10.dll
0x000007fefb700000 - 0x000007fefb8f4000 	C:\windows\WinSxS\amd64_microsoft.windows.common-controls_6595b64144ccf1df_6.0.7601.18837_none_fa3b1e3d17594757\COMCTL32.dll
0x000007fefd600000 - 0x000007fefd671000 	C:\windows\system32\SHLWAPI.dll
0x000007feff1d0000 - 0x000007feff1fe000 	C:\windows\system32\IMM32.DLL
0x000007fefdd20000 - 0x000007fefde29000 	C:\windows\system32\MSCTF.dll
0x0000000063200000 - 0x00000000632d2000 	C:\Kit\java\jdk1.8.0_131\jre\bin\msvcr100.dll
0x000000006e890000 - 0x000000006f12c000 	C:\Kit\java\jdk1.8.0_131\jre\bin\server\jvm.dll
0x000007fef6840000 - 0x000007fef6849000 	C:\windows\system32\WSOCK32.dll
0x000007fefd7c0000 - 0x000007fefd80d000 	C:\windows\system32\WS2_32.dll
0x000007feff2d0000 - 0x000007feff2d8000 	C:\windows\system32\NSI.dll
0x000007fefae10000 - 0x000007fefae4b000 	C:\windows\system32\WINMM.dll
0x000007fefbd90000 - 0x000007fefbd9c000 	C:\windows\system32\VERSION.dll
0x00000000771a0000 - 0x00000000771a7000 	C:\windows\system32\PSAPI.DLL
0x000000006f330000 - 0x000000006f33f000 	C:\Kit\java\jdk1.8.0_131\jre\bin\verify.dll
0x000000006e860000 - 0x000000006e889000 	C:\Kit\java\jdk1.8.0_131\jre\bin\java.dll
0x000000006cee0000 - 0x000000006cf15000 	C:\Kit\java\jdk1.8.0_131\jre\bin\jdwp.dll
0x000000006e770000 - 0x000000006e778000 	C:\Kit\java\jdk1.8.0_131\jre\bin\npt.dll
0x000000006e840000 - 0x000000006e856000 	C:\Kit\java\jdk1.8.0_131\jre\bin\zip.dll
0x000007fefe0a0000 - 0x000007fefee2b000 	C:\windows\system32\SHELL32.dll
0x000007fefdea0000 - 0x000007fefe09d000 	C:\windows\system32\ole32.dll
0x000007fefccc0000 - 0x000007fefcccf000 	C:\windows\system32\profapi.dll
0x000000006fd20000 - 0x000000006fd29000 	C:\Kit\java\jdk1.8.0_131\jre\bin\dt_socket.dll
0x000007fefac40000 - 0x000007fefac55000 	C:\windows\system32\NLAapi.dll
0x000007fef6640000 - 0x000007fef6655000 	C:\windows\system32\napinsp.dll
0x000007fef6620000 - 0x000007fef6639000 	C:\windows\system32\pnrpnsp.dll
0x000007fefc450000 - 0x000007fefc4a5000 	C:\windows\System32\mswsock.dll
0x000007fefc2d0000 - 0x000007fefc32b000 	C:\windows\system32\DNSAPI.dll
0x000007fef6670000 - 0x000007fef667b000 	C:\windows\System32\winrnr.dll
0x000007fef6610000 - 0x000007fef6620000 	C:\windows\system32\wshbth.dll
0x000007fef9cd0000 - 0x000007fef9cf7000 	C:\windows\system32\IPHLPAPI.DLL
0x000007fef9cb0000 - 0x000007fef9cbb000 	C:\windows\system32\WINNSI.DLL
0x000007fef96e0000 - 0x000007fef9733000 	C:\windows\System32\fwpuclnt.dll
0x000007fef7070000 - 0x000007fef7078000 	C:\windows\system32\rasadhlp.dll
0x000007fefbe60000 - 0x000007fefbe67000 	C:\windows\System32\wshtcpip.dll
0x000000006dea0000 - 0x000000006dead000 	C:\kit\java\jdk1.8.0_131\jre\bin\management.dll
0x000000006e820000 - 0x000000006e83a000 	C:\kit\java\jdk1.8.0_131\jre\bin\net.dll
0x000007fefc440000 - 0x000007fefc447000 	C:\windows\System32\wship6.dll
0x000000006df90000 - 0x000000006dfa1000 	C:\kit\java\jdk1.8.0_131\jre\bin\nio.dll
0x000007fef96b0000 - 0x000007fef96c8000 	C:\windows\system32\dhcpcsvc.DLL
0x000007fef9690000 - 0x000007fef96a1000 	C:\windows\system32\dhcpcsvc6.DLL
0x000007fefc4b0000 - 0x000007fefc4c8000 	C:\windows\system32\CRYPTSP.dll
0x000007fefc1b0000 - 0x000007fefc1f7000 	C:\windows\system32\rsaenh.dll
0x000007fefd060000 - 0x000007fefd07e000 	C:\windows\system32\USERENV.dll
0x000007fefcac0000 - 0x000007fefcacf000 	C:\windows\system32\CRYPTBASE.dll
0x000000006d140000 - 0x000000006d164000 	C:\kit\java\jdk1.8.0_131\jre\bin\sunec.dll
0x000000006de80000 - 0x000000006de8b000 	C:\kit\java\jdk1.8.0_131\jre\bin\sunmscapi.dll
0x000007fefcd90000 - 0x000007fefcefd000 	C:\windows\system32\CRYPT32.dll
0x000007fefccd0000 - 0x000007fefccdf000 	C:\windows\system32\MSASN1.dll
0x000007fefcb10000 - 0x000007fefcb67000 	C:\windows\system32\apphelp.dll
0x000007fef87e0000 - 0x000007fef8905000 	C:\windows\system32\dbghelp.dll

VM Arguments:
jvm_args: -agentlib:jdwp=transport=dt_socket,suspend=y,address=localhost:52677 -Dprogram.name=JBossTools: Red Hat JBoss EAP 6.1+ -Xms1024m -Xmx1024m -XX:MaxPermSize=256m -Dorg.jboss.resolver.warning=true -Djava.net.preferIPv4Stack=true -Dsun.rmi.dgc.client.gcInterval=3600000 -Dsun.rmi.dgc.server.gcInterval=3600000 -Djboss.modules.system.pkgs=org.jboss.byteman -Djava.awt.headless=true -Dorg.jboss.boot.log.file=C:/kit/jboss_keycloak/jboss-eap-6.3.2/standalone/log/boot.log -Dlogging.configuration=file:/C:/kit/jboss_keycloak/jboss-eap-6.3.2/standalone/configuration/logging.properties -Djboss.home.dir=C:/kit/jboss_keycloak/jboss-eap-6.3.2 -Dorg.jboss.logmanager.nocolor=true -Djboss.bind.address.management=localhost -Dfile.encoding=UTF-8 
java_command: org.jboss.modules.Main -mp C:/kit/jboss_keycloak/jboss-eap-6.3.2/modules -jaxpmodule javax.xml.jaxp-provider -jaxpmodule javax.xml.jaxp-provider org.jboss.as.standalone -b localhost --server-config=standalone.xml -Djboss.server.base.dir=C:\kit\jboss_keycloak\jboss-eap-6.3.2\standalone
java_class_path (initial): C:\kit\jboss_keycloak\jboss-eap-6.3.2\jboss-modules.jar
Launcher Type: SUN_STANDARD

Environment Variables:
PATH=C:\Kit\java\jdk1.8.0_131\jre\bin;native;C:/Kit/java/jdk1.8.0_131/bin/../jre/bin/server;C:/Kit/java/jdk1.8.0_131/bin/../jre/bin;C:/Kit/java/jdk1.8.0_131/bin/../jre/lib/amd64;C:\Program Files (x86)\Intel\iCLS Client\;C:\Program Files\Intel\iCLS Client\;C:\ProgramData\Oracle\Java\javapath;C:\windows\system32;C:\windows;C:\windows\System32\Wbem;C:\windows\System32\WindowsPowerShell\v1.0\;C:\Program Files (x86)\Intel\Intel(R) Management Engine Components\DAL;C:\Program Files\Intel\Intel(R) Management Engine Components\DAL;C:\Program Files (x86)\Intel\Intel(R) Management Engine Components\IPT;C:\Program Files\Intel\Intel(R) Management Engine Components\IPT;C:\Program Files\Git\cmd;C:\Program Files\Microsoft SQL Server\Client SDK\ODBC\110\Tools\Binn\;C:\Program Files (x86)\Microsoft SQL Server\120\Tools\Binn\;C:\Program Files\Microsoft SQL Server\120\Tools\Binn\;C:\Program Files\Microsoft SQL Server\120\DTS\Binn\;C:\Program Files (x86)\Microsoft SQL Server\120\Tools\Binn\ManagementStudio\;C:\Program Files (x86)\Microsoft SQL Server\120\DTS\Binn\;C:\Program Files\nodejs\;C:\Users\andre.aalves\AppData\Roaming\npm;C:\kit\eclipse-neon;
USERNAME=andre.aalves
OS=Windows_NT
PROCESSOR_IDENTIFIER=Intel64 Family 6 Model 78 Stepping 3, GenuineIntel



---------------  S Y S T E M  ---------------

OS: Windows 7 , 64 bit Build 7601 (6.1.7601.24059)

CPU:total 4 (initial active 4) (2 cores per cpu, 2 threads per core) family 6 model 78 stepping 3, cmov, cx8, fxsr, mmx, sse, sse2, sse3, ssse3, sse4.1, sse4.2, popcnt, avx, avx2, aes, clmul, erms, 3dnowpref, lzcnt, ht, tsc, tscinvbit, bmi1, bmi2, adx

Memory: 4k page, physical 8168648k(1474208k free), swap 16335420k(7354944k free)

vm_info: Java HotSpot(TM) 64-Bit Server VM (25.131-b11) for windows-amd64 JRE (1.8.0_131-b11), built on Mar 15 2017 01:23:53 by "java_re" with MS VC++ 10.0 (VS2010)

time: Tue May 15 10:16:42 2018
elapsed time: 536 seconds (0d 0h 8m 56s)

