#
# A fatal error has been detected by the Java Runtime Environment:
#
#  EXCEPTION_ACCESS_VIOLATION (0xc0000005) at pc=0x0000000071037066, pid=10912, tid=0x00000000000013fc
#
# JRE version: Java(TM) SE Runtime Environment (8.0_181-b13) (build 1.8.0_181-b13)
# Java VM: Java HotSpot(TM) 64-Bit Server VM (25.181-b13 mixed mode windows-amd64 compressed oops)
# Problematic frame:
# V  [jvm.dll+0x237066]
#
# Failed to write core dump. Minidumps are not enabled by default on client versions of Windows
#
# If you would like to submit a bug report, please visit:
#   http://bugreport.java.com/bugreport/crash.jsp
#

---------------  T H R E A D  ---------------

Current thread (0x00000000586a4800):  JavaThread "MSC service thread 1-4" [_thread_in_vm, id=5116, stack(0x0000000059030000,0x0000000059130000)]

siginfo: ExceptionCode=0xc0000005, reading address 0x0000000000000008

Registers:
RAX=0x0000000000000000, RBX=0x000000005912e4f0, RCX=0x000000005912e4f0, RDX=0x0000000000000028
RSP=0x000000005912e230, RBP=0x000000005912e630, RSI=0x0000000066a90970, RDI=0x0000000000000000
R8 =0x0000000000000000, R9 =0x0000000000000006, R10=0x0000000066a90970, R11=0x000000006957cef0
R12=0x0000000058670ff0, R13=0x0000000000000000, R14=0x000000005912e668, R15=0x00000000569d2b00
RIP=0x0000000071037066, EFLAGS=0x0000000000010206

Top of Stack: (sp=0x000000005912e230)
0x000000005912e230:   00000000022f6bc8 0000000014b346a8
0x000000005912e240:   00000000022f0230 0000000054b76f50
0x000000005912e250:   0000000066a90970 00000000586a4800
0x000000005912e260:   00000000022f5b01 00000000586a4800
0x000000005912e270:   0000000000000000 0000000070ec1073
0x000000005912e280:   000000005912e2c0 00000000586a4800
0x000000005912e290:   000000005912e350 00000000586a4800
0x000000005912e2a0:   000000005912e2c0 0000000000000000
0x000000005912e2b0:   00000000fffffffe 00000000586a4800
0x000000005912e2c0:   0000000066a90970 00000000586a4800
0x000000005912e2d0:   0000000066a90970 00000000586a4800
0x000000005912e2e0:   0000000000000001 000000005912e3f0
0x000000005912e2f0:   fffffffffffffffe 0000000066a90970
0x000000005912e300:   00000000586a4800 0000000070ec27dd
0x000000005912e310:   000000005869f550 0000000071037261
0x000000005912e320:   0000000014b346a8 0000000002000002 

Instructions: (pc=0x0000000071037066)
0x0000000071037046:   01 00 00 48 8b 05 30 a8 5b 00 48 33 c4 48 89 84
0x0000000071037056:   24 30 01 00 00 4c 63 41 10 48 8b 41 08 48 8b d9
0x0000000071037066:   42 38 54 00 08 74 33 44 0f be c2 48 8d 4c 24 20
0x0000000071037076:   48 8d 15 13 e3 3e 00 e8 ee ec de ff 48 8d 0d 97 


Register to memory mapping:

RAX=0x0000000000000000 is an unknown value
RBX=0x000000005912e4f0 is pointing into the stack for thread: 0x00000000586a4800
RCX=0x000000005912e4f0 is pointing into the stack for thread: 0x00000000586a4800
RDX=0x0000000000000028 is an unknown value
RSP=0x000000005912e230 is pointing into the stack for thread: 0x00000000586a4800
RBP=0x000000005912e630 is pointing into the stack for thread: 0x00000000586a4800
RSI={method} {0x0000000066a90978} 'close' '()V' in 'org/jboss/vfs/TempDir'
RDI=0x0000000000000000 is an unknown value
R8 =0x0000000000000000 is an unknown value
R9 =0x0000000000000006 is an unknown value
R10={method} {0x0000000066a90978} 'close' '()V' in 'org/jboss/vfs/TempDir'
R11=0x000000006957cef0 is pointing into metadata
R12=0x0000000058670ff0 is an unknown value
R13=0x0000000000000000 is an unknown value
R14=0x000000005912e668 is pointing into the stack for thread: 0x00000000586a4800
R15=0x00000000569d2b00 is an unknown value


Stack: [0x0000000059030000,0x0000000059130000],  sp=0x000000005912e230,  free space=1016k
Native frames: (J=compiled Java code, j=interpreted, Vv=VM code, C=native code)
V  [jvm.dll+0x237066]
V  [jvm.dll+0x23746f]
V  [jvm.dll+0x20e4a0]
V  [jvm.dll+0xbd13d]
C  0x00000000028b46be

Java frames: (J=compiled Java code, j=interpreted, Vv=VM code)
j  org.jboss.vfs.TempDir.close()V+5
j  org.jboss.vfs.spi.JavaZipFileSystem.close()V+26
j  org.jboss.vfs.VFSUtils.safeClose(Ljava/io/Closeable;)V+5
j  org.jboss.vfs.BasicMountHandle.close()V+4
j  org.jboss.vfs.VFSUtils.safeClose(Ljava/io/Closeable;)V+5
j  org.jboss.as.server.deployment.module.MountHandle.close()V+11
j  org.jboss.vfs.VFSUtils.safeClose(Ljava/io/Closeable;)V+5
j  org.jboss.as.service.SarStructureProcessor.undeploy(Lorg/jboss/as/server/deployment/DeploymentUnit;)V+49
J 16620 C1 org.jboss.as.server.deployment.DeploymentUnitPhaseService.safeUndeploy(Lorg/jboss/as/server/deployment/DeploymentUnit;Lorg/jboss/as/server/deployment/Phase;Lorg/jboss/as/server/deployment/RegisteredDeploymentUnitProcessor;)V (38 bytes) @ 0x0000000004e7d97c [0x0000000004e7d780+0x1fc]
j  org.jboss.as.server.deployment.DeploymentUnitPhaseService.stop(Lorg/jboss/msc/service/StopContext;)V+71
J 16579 C1 org.jboss.msc.service.ServiceControllerImpl$StopTask.stopService(Lorg/jboss/msc/service/Service;Lorg/jboss/msc/service/StopContext;)V (37 bytes) @ 0x0000000004355034 [0x0000000004354260+0xdd4]
J 16571 C1 org.jboss.msc.service.ServiceControllerImpl$StopTask.run()V (552 bytes) @ 0x0000000005c919b4 [0x0000000005c91280+0x734]
j  java.util.concurrent.ThreadPoolExecutor.runWorker(Ljava/util/concurrent/ThreadPoolExecutor$Worker;)V+95
j  java.util.concurrent.ThreadPoolExecutor$Worker.run()V+5
j  java.lang.Thread.run()V+11
v  ~StubRoutines::call_stub

---------------  P R O C E S S  ---------------

Java Threads: ( => current thread )
  0x000000005b956000 JavaThread "ServerService Thread Pool -- 94" [_thread_blocked, id=6164, stack(0x00000000791b0000,0x00000000792b0000)]
  0x000000005b955800 JavaThread "ServerService Thread Pool -- 96" [_thread_blocked, id=3152, stack(0x0000000078f00000,0x0000000079000000)]
  0x000000005b954800 JavaThread "ServerService Thread Pool -- 106" [_thread_blocked, id=1816, stack(0x0000000079020000,0x0000000079120000)]
  0x000000005b954000 JavaThread "ServerService Thread Pool -- 101" [_thread_blocked, id=6764, stack(0x0000000078770000,0x0000000078870000)]
  0x000000005b953000 JavaThread "ServerService Thread Pool -- 87" [_thread_blocked, id=10312, stack(0x0000000078dd0000,0x0000000078ed0000)]
  0x000000005b952800 JavaThread "ServerService Thread Pool -- 100" [_thread_blocked, id=3156, stack(0x0000000078c50000,0x0000000078d50000)]
  0x000000005b951800 JavaThread "ServerService Thread Pool -- 102" [_thread_blocked, id=9616, stack(0x0000000078a70000,0x0000000078b70000)]
  0x000000005b951000 JavaThread "ServerService Thread Pool -- 105" [_thread_blocked, id=10984, stack(0x0000000078890000,0x0000000078990000)]
  0x000000005b950000 JavaThread "ServerService Thread Pool -- 104" [_thread_blocked, id=10884, stack(0x00000000785d0000,0x00000000786d0000)]
  0x000000005b94f800 JavaThread "ServerService Thread Pool -- 103" [_thread_blocked, id=10756, stack(0x0000000078420000,0x0000000078520000)]
  0x0000000060330000 JavaThread "ServerService Thread Pool -- 98" [_thread_blocked, id=7128, stack(0x0000000077ed0000,0x0000000077fd0000)]
  0x000000006032f000 JavaThread "ServerService Thread Pool -- 89" [_thread_blocked, id=8484, stack(0x0000000078100000,0x0000000078200000)]
  0x000000006032e800 JavaThread "ServerService Thread Pool -- 90" [_thread_blocked, id=11084, stack(0x0000000078230000,0x0000000078330000)]
  0x000000006032d800 JavaThread "ServerService Thread Pool -- 88" [_thread_blocked, id=10644, stack(0x0000000077fe0000,0x00000000780e0000)]
  0x000000006032d000 JavaThread "ServerService Thread Pool -- 99" [_thread_blocked, id=3104, stack(0x00000000773b0000,0x00000000774b0000)]
  0x000000006032c000 JavaThread "ServerService Thread Pool -- 92" [_thread_blocked, id=7100, stack(0x0000000077dc0000,0x0000000077ec0000)]
  0x000000006032b800 JavaThread "ServerService Thread Pool -- 97" [_thread_blocked, id=2556, stack(0x0000000074e30000,0x0000000074f30000)]
  0x000000006032a800 JavaThread "ServerService Thread Pool -- 84" [_thread_blocked, id=7144, stack(0x00000000646a0000,0x00000000647a0000)]
  0x000000006032a000 JavaThread "ServerService Thread Pool -- 95" [_thread_blocked, id=1504, stack(0x0000000077c50000,0x0000000077d50000)]
  0x0000000060329000 JavaThread "ServerService Thread Pool -- 93" [_thread_blocked, id=10032, stack(0x0000000077ad0000,0x0000000077bd0000)]
  0x000000005f1ab800 JavaThread "ServerService Thread Pool -- 81" [_thread_blocked, id=10104, stack(0x0000000070ca0000,0x0000000070da0000)]
  0x000000005b791800 JavaThread "ServerService Thread Pool -- 83" [_thread_blocked, id=5692, stack(0x000000006e900000,0x000000006ea00000)]
  0x000000005efec800 JavaThread "ServerService Thread Pool -- 91" [_thread_blocked, id=10764, stack(0x0000000066e80000,0x0000000066f80000)]
  0x000000005efed800 JavaThread "ServerService Thread Pool -- 85" [_thread_blocked, id=7436, stack(0x000000006d2d0000,0x000000006d3d0000)]
  0x0000000068d31000 JavaThread "ServerService Thread Pool -- 86" [_thread_blocked, id=9492, stack(0x00000000670f0000,0x00000000671f0000)]
  0x000000006248d800 JavaThread "ServerService Thread Pool -- 82" [_thread_blocked, id=2640, stack(0x000000006a300000,0x000000006a400000)]
  0x000000005f1ad000 JavaThread "http-/127.0.0.1:8181-6" daemon [_thread_blocked, id=8428, stack(0x0000000069ad0000,0x0000000069bd0000)]
  0x000000005f1ac800 JavaThread "http-/127.0.0.1:8181-5" daemon [_thread_blocked, id=8580, stack(0x0000000065500000,0x0000000065600000)]
  0x000000005f1af800 JavaThread "http-/127.0.0.1:8181-4" daemon [_thread_blocked, id=10592, stack(0x00000000665a0000,0x00000000666a0000)]
  0x000000005f1a9800 JavaThread "http-/127.0.0.1:8181-3" daemon [_thread_blocked, id=10016, stack(0x0000000065200000,0x0000000065300000)]
  0x000000005f1ae800 JavaThread "http-/127.0.0.1:8181-2" daemon [_thread_blocked, id=3816, stack(0x0000000063840000,0x0000000063940000)]
  0x000000005f1ae000 JavaThread "Incoming-20,web,nbtitma121871/web" [_thread_blocked, id=10520, stack(0x00000000650b0000,0x00000000651b0000)]
  0x000000005f1a8800 JavaThread "Incoming-19,web,nbtitma121871/web" [_thread_blocked, id=5244, stack(0x0000000064f50000,0x0000000065050000)]
  0x00000000743c9000 JavaThread "Incoming-18,web,nbtitma121871/web" [_thread_blocked, id=8908, stack(0x0000000064d70000,0x0000000064e70000)]
  0x00000000743c8800 JavaThread "Incoming-17,web,nbtitma121871/web" [_thread_blocked, id=7360, stack(0x0000000064930000,0x0000000064a30000)]
  0x00000000743c7800 JavaThread "Incoming-16,web,nbtitma121871/web" [_thread_blocked, id=2224, stack(0x0000000064b90000,0x0000000064c90000)]
  0x00000000743c7000 JavaThread "Incoming-15,web,nbtitma121871/web" [_thread_blocked, id=10796, stack(0x00000000647f0000,0x00000000648f0000)]
  0x00000000743c6000 JavaThread "Incoming-14,web,nbtitma121871/web" [_thread_blocked, id=604, stack(0x0000000064590000,0x0000000064690000)]
  0x00000000743c5800 JavaThread "Incoming-13,web,nbtitma121871/web" [_thread_blocked, id=2152, stack(0x0000000064440000,0x0000000064540000)]
  0x00000000743c4800 JavaThread "Incoming-12,web,nbtitma121871/web" [_thread_blocked, id=3524, stack(0x0000000063fa0000,0x00000000640a0000)]
  0x00000000743c4000 JavaThread "Incoming-11,web,nbtitma121871/web" [_thread_blocked, id=3464, stack(0x0000000064250000,0x0000000064350000)]
  0x00000000743c3000 JavaThread "Incoming-10,web,nbtitma121871/web" [_thread_blocked, id=6712, stack(0x00000000640e0000,0x00000000641e0000)]
  0x0000000058820000 JavaThread "Incoming-9,web,nbtitma121871/web" [_thread_blocked, id=9896, stack(0x000000005fa50000,0x000000005fb50000)]
  0x000000005881e000 JavaThread "Incoming-8,web,nbtitma121871/web" [_thread_blocked, id=5112, stack(0x000000005d260000,0x000000005d360000)]
  0x0000000058821000 JavaThread "Incoming-7,web,nbtitma121871/web" [_thread_blocked, id=8732, stack(0x0000000063e90000,0x0000000063f90000)]
  0x000000005881d000 JavaThread "OOB-20,web,nbtitma121871/web" [_thread_blocked, id=2908, stack(0x000000005cd80000,0x000000005ce80000)]
  0x0000000058817000 JavaThread "Incoming-6,web,nbtitma121871/web" [_thread_blocked, id=8320, stack(0x0000000063a90000,0x0000000063b90000)]
  0x0000000058814000 JavaThread "Incoming-5,web,nbtitma121871/web" [_thread_blocked, id=5988, stack(0x0000000063950000,0x0000000063a50000)]
  0x0000000058822800 JavaThread "OOB-19,web,nbtitma121871/web" [_thread_blocked, id=4012, stack(0x00000000636e0000,0x00000000637e0000)]
  0x0000000058818000 JavaThread "OOB-18,web,nbtitma121871/web" [_thread_blocked, id=11112, stack(0x000000005d3c0000,0x000000005d4c0000)]
  0x000000006229a800 JavaThread "OOB-17,web,nbtitma121871/web" [_thread_blocked, id=1392, stack(0x0000000061690000,0x0000000061790000)]
  0x0000000062295000 JavaThread "OOB-16,web,nbtitma121871/web" [_thread_blocked, id=8752, stack(0x000000005fba0000,0x000000005fca0000)]
  0x0000000062297800 JavaThread "Incoming-4,web,nbtitma121871/web" [_thread_blocked, id=9580, stack(0x000000005e440000,0x000000005e540000)]
  0x0000000062299800 JavaThread "Incoming-3,web,nbtitma121871/web" [_thread_blocked, id=2268, stack(0x000000005d530000,0x000000005d630000)]
  0x0000000058818800 JavaThread "OOB-15,web,nbtitma121871/web" [_thread_blocked, id=4352, stack(0x000000005cee0000,0x000000005cfe0000)]
  0x0000000058821800 JavaThread "OOB-14,web,nbtitma121871/web" [_thread_blocked, id=8660, stack(0x000000005cbf0000,0x000000005ccf0000)]
  0x000000005881b800 JavaThread "OOB-13,web,nbtitma121871/web" [_thread_blocked, id=9440, stack(0x000000005ca20000,0x000000005cb20000)]
  0x0000000058815800 JavaThread "OOB-12,web,nbtitma121871/web" [_thread_blocked, id=10160, stack(0x000000005c7b0000,0x000000005c8b0000)]
  0x0000000058816800 JavaThread "Incoming-2,web,nbtitma121871/web" [_thread_blocked, id=10152, stack(0x000000005c8c0000,0x000000005c9c0000)]
  0x000000005b286000 JavaThread "Incoming-1,web,nbtitma121871/web" [_thread_blocked, id=8044, stack(0x000000005c5f0000,0x000000005c6f0000)]
  0x000000005881f800 JavaThread "OOB-11,web,nbtitma121871/web" [_thread_blocked, id=9328, stack(0x000000005c4c0000,0x000000005c5c0000)]
  0x000000005881c800 JavaThread "OOB-10,web,nbtitma121871/web" [_thread_blocked, id=5732, stack(0x000000005c370000,0x000000005c470000)]
  0x0000000058819800 JavaThread "OOB-9,web,nbtitma121871/web" [_thread_blocked, id=10440, stack(0x000000005ac40000,0x000000005ad40000)]
  0x000000005881b000 JavaThread "OOB-8,web,nbtitma121871/web" [_thread_blocked, id=10484, stack(0x0000000059260000,0x0000000059360000)]
  0x0000000062298000 JavaThread "Timer-1" daemon [_thread_blocked, id=7560, stack(0x000000006ed80000,0x000000006ee80000)]
  0x0000000062296800 JavaThread "OOB-7,web,nbtitma121871/web" [_thread_blocked, id=1384, stack(0x000000006eb90000,0x000000006ec90000)]
  0x0000000062296000 JavaThread "OOB-6,web,nbtitma121871/web" [_thread_blocked, id=6104, stack(0x000000006ea40000,0x000000006eb40000)]
  0x0000000062294800 JavaThread "OOB-5,web,nbtitma121871/web" [_thread_blocked, id=10544, stack(0x00000000695d0000,0x00000000696d0000)]
  0x0000000062293800 JavaThread "OOB-4,web,nbtitma121871/web" [_thread_blocked, id=8960, stack(0x000000006dcd0000,0x000000006ddd0000)]
  0x000000005b288800 JavaThread "Buffer reclamation thread" daemon [_thread_blocked, id=9560, stack(0x000000006e590000,0x000000006e690000)]
  0x000000005b287800 JavaThread "transport-thread-0" daemon [_thread_blocked, id=3472, stack(0x000000006e470000,0x000000006e570000)]
  0x000000005b287000 JavaThread "TxCleanupService,sso,nbtitma121871/web" daemon [_thread_blocked, id=10088, stack(0x000000006e350000,0x000000006e450000)]
  0x000000005b285800 JavaThread "Remoting "nbtitma121871:MANAGEMENT" task-16" [_thread_blocked, id=6036, stack(0x000000006de00000,0x000000006df00000)]
  0x000000005b284800 JavaThread "Remoting "nbtitma121871:MANAGEMENT" task-15" [_thread_blocked, id=10540, stack(0x000000006db50000,0x000000006dc50000)]
  0x000000005b284000 JavaThread "Remoting "nbtitma121871:MANAGEMENT" task-14" [_thread_blocked, id=10348, stack(0x000000006d9b0000,0x000000006dab0000)]
  0x000000005b283000 JavaThread "Remoting "nbtitma121871:MANAGEMENT" task-13" [_thread_blocked, id=11060, stack(0x000000006d580000,0x000000006d680000)]
  0x000000005b282800 JavaThread "Remoting "nbtitma121871:MANAGEMENT" task-12" [_thread_blocked, id=9452, stack(0x000000006d840000,0x000000006d940000)]
  0x000000005b281800 JavaThread "Remoting "nbtitma121871:MANAGEMENT" task-11" [_thread_blocked, id=6632, stack(0x000000006d710000,0x000000006d810000)]
  0x000000005efef000 JavaThread "Remoting "nbtitma121871:MANAGEMENT" task-10" [_thread_blocked, id=3884, stack(0x000000006cd30000,0x000000006ce30000)]
  0x000000005efee000 JavaThread "Remoting "nbtitma121871:MANAGEMENT" task-9" [_thread_blocked, id=5688, stack(0x000000006d180000,0x000000006d280000)]
  0x000000005efec000 JavaThread "Remoting "nbtitma121871:MANAGEMENT" task-8" [_thread_blocked, id=4800, stack(0x000000006d460000,0x000000006d560000)]
  0x000000005efeb000 JavaThread "Remoting "nbtitma121871:MANAGEMENT" task-7" [_thread_blocked, id=4316, stack(0x000000006a200000,0x000000006a300000)]
  0x000000005efea800 JavaThread "Remoting "nbtitma121871:MANAGEMENT" task-6" [_thread_blocked, id=9820, stack(0x000000006cee0000,0x000000006cfe0000)]
  0x000000005efe9800 JavaThread "Remoting "nbtitma121871:MANAGEMENT" task-5" [_thread_blocked, id=8700, stack(0x000000006d080000,0x000000006d180000)]
  0x000000005efe9000 JavaThread "Remoting "nbtitma121871:MANAGEMENT" task-4" [_thread_blocked, id=8352, stack(0x000000006ae50000,0x000000006af50000)]
  0x000000005efe8000 JavaThread "Remoting "nbtitma121871:MANAGEMENT" task-3" [_thread_blocked, id=1928, stack(0x000000006cb70000,0x000000006cc70000)]
  0x0000000069314800 JavaThread "Remoting "nbtitma121871:MANAGEMENT" task-2" [_thread_blocked, id=3940, stack(0x000000006acf0000,0x000000006adf0000)]
  0x0000000069314000 JavaThread "Remoting "nbtitma121871:MANAGEMENT" task-1" [_thread_blocked, id=11224, stack(0x000000006a6e0000,0x000000006a7e0000)]
  0x0000000069313000 JavaThread "OOB-3,web,nbtitma121871/web" [_thread_blocked, id=10888, stack(0x000000006c960000,0x000000006ca60000)]
  0x0000000069312800 JavaThread "OOB-2,web,nbtitma121871/web" [_thread_blocked, id=6912, stack(0x000000006c370000,0x000000006c470000)]
  0x0000000069311800 JavaThread "OOB-1,web,nbtitma121871/web" [_thread_blocked, id=7964, stack(0x000000006c800000,0x000000006c900000)]
  0x0000000069311000 JavaThread "FD_SOCK acceptor,web,nbtitma121871/web" daemon [_thread_in_native, id=8032, stack(0x0000000069fc0000,0x000000006a0c0000)]
  0x0000000069310000 JavaThread "multicast receiver,web,nbtitma121871/web" [_thread_in_native, id=9812, stack(0x000000006bff0000,0x000000006c0f0000)]
  0x000000006930f800 JavaThread "unicast receiver,web,nbtitma121871/web" [_thread_in_native, id=1096, stack(0x0000000069d70000,0x0000000069e70000)]
  0x000000006930e800 JavaThread "Timer-4,web,nbtitma121871/web" daemon [_thread_blocked, id=5496, stack(0x000000006c610000,0x000000006c710000)]
  0x000000006930e000 JavaThread "Timer-3,web,nbtitma121871/web" daemon [_thread_blocked, id=736, stack(0x000000006c470000,0x000000006c570000)]
  0x0000000068d35800 JavaThread "Timer-2,web,nbtitma121871/web" daemon [_thread_blocked, id=4976, stack(0x000000006a870000,0x000000006a970000)]
  0x0000000068d35000 JavaThread "Thread-90" [_thread_in_native, id=980, stack(0x000000006c1e0000,0x000000006c2e0000)]
  0x0000000068d34000 JavaThread "server-timer" daemon [_thread_blocked, id=1304, stack(0x000000006a9b0000,0x000000006aab0000)]
  0x0000000068d33800 JavaThread "Timer-1,web,nbtitma121871/web" daemon [_thread_blocked, id=10808, stack(0x000000006a0f0000,0x000000006a1f0000)]
  0x0000000068d32800 JavaThread "RequestController-3" daemon [_thread_blocked, id=8644, stack(0x00000000678b0000,0x00000000679b0000)]
  0x0000000068d32000 JavaThread "AOMRemoval" daemon [_thread_blocked, id=10664, stack(0x0000000069e90000,0x0000000069f90000)]
  0x0000000068d30800 JavaThread "RequestController-2" daemon [_thread_blocked, id=9356, stack(0x0000000069990000,0x0000000069a90000)]
  0x0000000068d2f800 JavaThread "AOMRemoval" daemon [_thread_blocked, id=11148, stack(0x0000000068030000,0x0000000068130000)]
  0x000000005b794800 JavaThread "ServerSocketListener" daemon [_thread_in_native, id=8664, stack(0x0000000067cd0000,0x0000000067dd0000)]
  0x000000005b794000 JavaThread "RequestController-1" daemon [_thread_blocked, id=4460, stack(0x0000000069c70000,0x0000000069d70000)]
  0x000000005b793000 JavaThread "AOMRemoval" daemon [_thread_blocked, id=6788, stack(0x00000000696d0000,0x00000000697d0000)]
  0x000000005b792800 JavaThread "ORB Run Thread" [_thread_blocked, id=10300, stack(0x0000000067af0000,0x0000000067bf0000)]
  0x000000005b791000 JavaThread "Transaction Reaper Worker 0" daemon [_thread_blocked, id=8052, stack(0x00000000697d0000,0x00000000698d0000)]
  0x000000005b790000 JavaThread "Transaction Reaper" daemon [_thread_blocked, id=8424, stack(0x0000000065fa0000,0x00000000660a0000)]
  0x000000005b78f800 JavaThread "Periodic Recovery" [_thread_blocked, id=8344, stack(0x00000000679c0000,0x0000000067ac0000)]
  0x000000005b78e800 JavaThread "http-/127.0.0.1:8181-1" daemon [_thread_blocked, id=8616, stack(0x0000000066fa0000,0x00000000670a0000)]
  0x000000005b78e000 JavaThread "Transaction Expired Entry Monitor" daemon [_thread_blocked, id=4720, stack(0x00000000677b0000,0x00000000678b0000)]
  0x000000006014a000 JavaThread "http-/127.0.0.1:8181-Acceptor-0" daemon [_thread_in_native, id=9388, stack(0x0000000067600000,0x0000000067700000)]
  0x0000000060149000 JavaThread "http-/127.0.0.1:8181-Poller" daemon [_thread_blocked, id=7076, stack(0x0000000065a00000,0x0000000065b00000)]
  0x0000000060148800 JavaThread "ajp-/127.0.0.1:8009-Acceptor-0" daemon [_thread_in_native, id=11132, stack(0x0000000067200000,0x0000000067300000)]
  0x0000000060147800 JavaThread "ajp-/127.0.0.1:8009-Poller" daemon [_thread_blocked, id=10620, stack(0x00000000656b0000,0x00000000657b0000)]
  0x0000000060145800 JavaThread "Timer-0" [_thread_blocked, id=10840, stack(0x0000000066b60000,0x0000000066c60000)]
  0x0000000060144000 JavaThread "IdleRemover" daemon [_thread_blocked, id=9720, stack(0x00000000612f0000,0x00000000613f0000)]
  0x0000000060143000 JavaThread "ConnectionValidator" daemon [_thread_blocked, id=8392, stack(0x0000000065e90000,0x0000000065f90000)]
  0x0000000062494000 JavaThread "ContainerBackgroundProcessor[StandardEngine[jboss.web]]" daemon [_thread_blocked, id=5312, stack(0x0000000061f50000,0x0000000062050000)]
  0x0000000062493800 JavaThread "Remoting "nbtitma121871" write-1" [_thread_in_native, id=6920, stack(0x0000000061d80000,0x0000000061e80000)]
  0x0000000062492800 JavaThread "Remoting "nbtitma121871" read-1" [_thread_in_native, id=10256, stack(0x0000000061930000,0x0000000061a30000)]
  0x0000000062491000 JavaThread "Remoting "nbtitma121871:MANAGEMENT" write-1" [_thread_in_native, id=9468, stack(0x0000000065b00000,0x0000000065c00000)]
  0x0000000062490800 JavaThread "Remoting "nbtitma121871:MANAGEMENT" read-1" [_thread_in_native, id=9128, stack(0x0000000064a80000,0x0000000064b80000)]
  0x000000005f1ab000 JavaThread "DeploymentScanner-threads - 2" [_thread_blocked, id=10352, stack(0x000000005afc0000,0x000000005b0c0000)]
  0x000000005f1aa000 JavaThread "DeploymentScanner-threads - 1" [_thread_blocked, id=7264, stack(0x00000000617a0000,0x00000000618a0000)]
  0x0000000058815000 JavaThread "DestroyJavaVM" [_thread_blocked, id=10212, stack(0x00000000024b0000,0x00000000025b0000)]
  0x00000000587d9000 JavaThread "ServerDeploymentRepository-temp-threads - 2" daemon [_thread_blocked, id=3572, stack(0x00000000579e0000,0x0000000057ae0000)]
  0x0000000058798000 JavaThread "ServerDeploymentRepository-temp-threads - 1" daemon [_thread_blocked, id=5668, stack(0x0000000059570000,0x0000000059670000)]
  0x00000000586e0000 JavaThread "MSC service thread 1-8" [_thread_blocked, id=9728, stack(0x0000000059690000,0x0000000059790000)]
  0x00000000586df000 JavaThread "MSC service thread 1-7" [_thread_blocked, id=7200, stack(0x0000000059460000,0x0000000059560000)]
  0x00000000586a8000 JavaThread "MSC service thread 1-6" [_thread_blocked, id=3560, stack(0x0000000059360000,0x0000000059460000)]
  0x00000000586a7000 JavaThread "MSC service thread 1-5" [_thread_blocked, id=7292, stack(0x0000000059140000,0x0000000059240000)]
=>0x00000000586a4800 JavaThread "MSC service thread 1-4" [_thread_in_vm, id=5116, stack(0x0000000059030000,0x0000000059130000)]
  0x0000000058676000 JavaThread "MSC service thread 1-3" [_thread_blocked, id=2032, stack(0x0000000058db0000,0x0000000058eb0000)]
  0x0000000058675800 JavaThread "MSC service thread 1-2" [_thread_blocked, id=4056, stack(0x0000000058ec0000,0x0000000058fc0000)]
  0x00000000586ae800 JavaThread "MSC service thread 1-1" [_thread_blocked, id=6648, stack(0x00000000577c0000,0x00000000578c0000)]
  0x00000000567d2800 JavaThread "Reference Reaper" daemon [_thread_blocked, id=3276, stack(0x0000000058040000,0x0000000058140000)]
  0x00000000566ca800 JavaThread "Service Thread" daemon [_thread_blocked, id=11256, stack(0x0000000057d20000,0x0000000057e20000)]
  0x000000005665d800 JavaThread "C1 CompilerThread2" daemon [_thread_blocked, id=10876, stack(0x0000000057b20000,0x0000000057c20000)]
  0x0000000056652800 JavaThread "C2 CompilerThread1" daemon [_thread_blocked, id=10000, stack(0x00000000578d0000,0x00000000579d0000)]
  0x0000000056650800 JavaThread "C2 CompilerThread0" daemon [_thread_in_native, id=6744, stack(0x0000000057660000,0x0000000057760000)]
  0x0000000056641000 JavaThread "JDWP Command Reader" daemon [_thread_in_native, id=5052, stack(0x0000000057240000,0x0000000057340000)]
  0x0000000056640000 JavaThread "JDWP Event Helper Thread" daemon [_thread_blocked, id=5824, stack(0x0000000057540000,0x0000000057640000)]
  0x000000005663a000 JavaThread "JDWP Transport Listener: dt_socket" daemon [_thread_blocked, id=6620, stack(0x0000000057350000,0x0000000057450000)]
  0x0000000055369000 JavaThread "Attach Listener" daemon [_thread_blocked, id=1464, stack(0x0000000056d70000,0x0000000056e70000)]
  0x0000000055367800 JavaThread "Signal Dispatcher" daemon [_thread_blocked, id=8404, stack(0x0000000056bc0000,0x0000000056cc0000)]
  0x000000005534f000 JavaThread "Finalizer" daemon [_thread_blocked, id=8892, stack(0x0000000056410000,0x0000000056510000)]
  0x0000000055307800 JavaThread "Reference Handler" daemon [_thread_blocked, id=9276, stack(0x0000000056530000,0x0000000056630000)]

Other Threads:
  0x00000000552fe000 VMThread [stack: 0x00000000562f0000,0x00000000563f0000] [id=9956]
  0x00000000566f2000 WatcherThread [stack: 0x0000000057e70000,0x0000000057f70000] [id=10928]

VM state:not at safepoint (normal execution)

VM Mutex/Monitor currently owned by a thread: None

Heap:
 PSYoungGen      total 310272K, used 61270K [0x00000000eab00000, 0x0000000100000000, 0x0000000100000000)
  eden space 273408K, 19% used [0x00000000eab00000,0x00000000ede769f0,0x00000000fb600000)
  from space 36864K, 23% used [0x00000000fb600000,0x00000000fbe5f0f0,0x00000000fda00000)
  to   space 34304K, 0% used [0x00000000fde80000,0x00000000fde80000,0x0000000100000000)
 ParOldGen       total 699392K, used 149522K [0x00000000c0000000, 0x00000000eab00000, 0x00000000eab00000)
  object space 699392K, 21% used [0x00000000c0000000,0x00000000c9204aa0,0x00000000eab00000)
 Metaspace       used 136119K, capacity 159248K, committed 159448K, reserved 1185792K
  class space    used 17111K, capacity 22684K, committed 22744K, reserved 1048576K

Card table byte_map: [0x0000000011c40000,0x0000000011e50000] byte_map_base: 0x0000000011640000

Marking Bits: (ParMarkBitMap*) 0x0000000071622d00
 Begin Bits: [0x0000000012770000, 0x0000000013770000)
 End Bits:   [0x0000000013770000, 0x0000000014770000)

Polling page: 0x0000000000330000

CodeCache: size=245760Kb used=52801Kb max_used=52975Kb free=192958Kb
 bounds [0x0000000002880000, 0x0000000005ca0000, 0x0000000011880000]
 total_blobs=14081 nmethods=13246 adapters=752
 compilation: enabled

Compilation events (10 events):
Event: 11553.786 Thread 0x0000000056652800 nmethod 16614 0x0000000003854650 code [0x00000000038547c0, 0x0000000003854ed8]
Event: 11553.786 Thread 0x0000000056652800 16618       4       java.util.IdentityHashMap::clear (39 bytes)
Event: 11553.788 Thread 0x0000000056652800 nmethod 16618 0x0000000005888590 code [0x00000000058886c0, 0x00000000058887d8]
Event: 11553.788 Thread 0x0000000056652800 16616       4       org.jboss.msc.service.IdentityHashSet::relocate (95 bytes)
Event: 11553.791 Thread 0x0000000056652800 nmethod 16616 0x0000000003aef450 code [0x0000000003aef5a0, 0x0000000003aef8a8]
Event: 11553.845 Thread 0x000000005665d800 16619  s    3       org.jboss.as.server.deployment.SimpleAttachable::removeAttachment (21 bytes)
Event: 11553.845 Thread 0x000000005665d800 nmethod 16619 0x00000000049f7ed0 code [0x00000000049f8060, 0x00000000049f8538]
Event: 11553.845 Thread 0x000000005665d800 16620   !   3       org.jboss.as.server.deployment.DeploymentUnitPhaseService::safeUndeploy (38 bytes)
Event: 11553.847 Thread 0x000000005665d800 nmethod 16620 0x0000000004e7d5d0 code [0x0000000004e7d780, 0x0000000004e7dde8]
Event: 11553.850 Thread 0x0000000056652800 16621   !   4       org.jboss.msc.service.ServiceControllerImpl$ServiceUnavailableTask::run (257 bytes)

GC Heap History (10 events):
Event: 10997.340 GC heap before
{Heap before GC invocations=55 (full 4):
 PSYoungGen      total 303104K, used 259952K [0x00000000eab00000, 0x0000000100000000, 0x0000000100000000)
  eden space 254464K, 100% used [0x00000000eab00000,0x00000000fa380000,0x00000000fa380000)
  from space 48640K, 11% used [0x00000000fd080000,0x00000000fd5dc030,0x0000000100000000)
  to   space 46080K, 0% used [0x00000000fa380000,0x00000000fa380000,0x00000000fd080000)
 ParOldGen       total 699392K, used 149242K [0x00000000c0000000, 0x00000000eab00000, 0x00000000eab00000)
  object space 699392K, 21% used [0x00000000c0000000,0x00000000c91bea70,0x00000000eab00000)
 Metaspace       used 134427K, capacity 156510K, committed 156760K, reserved 1183744K
  class space    used 16868K, capacity 22233K, committed 22360K, reserved 1048576K
Event: 10997.353 GC heap after
Heap after GC invocations=55 (full 4):
 PSYoungGen      total 300544K, used 5376K [0x00000000eab00000, 0x0000000100000000, 0x0000000100000000)
  eden space 254464K, 0% used [0x00000000eab00000,0x00000000eab00000,0x00000000fa380000)
  from space 46080K, 11% used [0x00000000fa380000,0x00000000fa8c0020,0x00000000fd080000)
  to   space 44032K, 0% used [0x00000000fd500000,0x00000000fd500000,0x0000000100000000)
 ParOldGen       total 699392K, used 149330K [0x00000000c0000000, 0x00000000eab00000, 0x00000000eab00000)
  object space 699392K, 21% used [0x00000000c0000000,0x00000000c91d4aa0,0x00000000eab00000)
 Metaspace       used 134427K, capacity 156510K, committed 156760K, reserved 1183744K
  class space    used 16868K, capacity 22233K, committed 22360K, reserved 1048576K
}
Event: 11159.834 GC heap before
{Heap before GC invocations=56 (full 4):
 PSYoungGen      total 300544K, used 259840K [0x00000000eab00000, 0x0000000100000000, 0x0000000100000000)
  eden space 254464K, 100% used [0x00000000eab00000,0x00000000fa380000,0x00000000fa380000)
  from space 46080K, 11% used [0x00000000fa380000,0x00000000fa8c0020,0x00000000fd080000)
  to   space 44032K, 0% used [0x00000000fd500000,0x00000000fd500000,0x0000000100000000)
 ParOldGen       total 699392K, used 149330K [0x00000000c0000000, 0x00000000eab00000, 0x00000000eab00000)
  object space 699392K, 21% used [0x00000000c0000000,0x00000000c91d4aa0,0x00000000eab00000)
 Metaspace       used 134494K, capacity 156528K, committed 156760K, reserved 1183744K
  class space    used 16870K, capacity 22236K, committed 22360K, reserved 1048576K
Event: 11159.864 GC heap after
Heap after GC invocations=56 (full 4):
 PSYoungGen      total 307200K, used 2172K [0x00000000eab00000, 0x0000000100000000, 0x0000000100000000)
  eden space 263168K, 0% used [0x00000000eab00000,0x00000000eab00000,0x00000000fac00000)
  from space 44032K, 4% used [0x00000000fd500000,0x00000000fd71f138,0x0000000100000000)
  to   space 41984K, 0% used [0x00000000fac00000,0x00000000fac00000,0x00000000fd500000)
 ParOldGen       total 699392K, used 149402K [0x00000000c0000000, 0x00000000eab00000, 0x00000000eab00000)
  object space 699392K, 21% used [0x00000000c0000000,0x00000000c91e6aa0,0x00000000eab00000)
 Metaspace       used 134494K, capacity 156528K, committed 156760K, reserved 1183744K
  class space    used 16870K, capacity 22236K, committed 22360K, reserved 1048576K
}
Event: 11216.052 GC heap before
{Heap before GC invocations=57 (full 4):
 PSYoungGen      total 307200K, used 265340K [0x00000000eab00000, 0x0000000100000000, 0x0000000100000000)
  eden space 263168K, 100% used [0x00000000eab00000,0x00000000fac00000,0x00000000fac00000)
  from space 44032K, 4% used [0x00000000fd500000,0x00000000fd71f138,0x0000000100000000)
  to   space 41984K, 0% used [0x00000000fac00000,0x00000000fac00000,0x00000000fd500000)
 ParOldGen       total 699392K, used 149402K [0x00000000c0000000, 0x00000000eab00000, 0x00000000eab00000)
  object space 699392K, 21% used [0x00000000c0000000,0x00000000c91e6aa0,0x00000000eab00000)
 Metaspace       used 135196K, capacity 157738K, committed 157912K, reserved 1185792K
  class space    used 16976K, capacity 22427K, committed 22488K, reserved 1048576K
Event: 11216.068 GC heap after
Heap after GC invocations=57 (full 4):
 PSYoungGen      total 305152K, used 10308K [0x00000000eab00000, 0x0000000100000000, 0x0000000100000000)
  eden space 263168K, 0% used [0x00000000eab00000,0x00000000eab00000,0x00000000fac00000)
  from space 41984K, 24% used [0x00000000fac00000,0x00000000fb6110e0,0x00000000fd500000)
  to   space 38912K, 0% used [0x00000000fda00000,0x00000000fda00000,0x0000000100000000)
 ParOldGen       total 699392K, used 149514K [0x00000000c0000000, 0x00000000eab00000, 0x00000000eab00000)
  object space 699392K, 21% used [0x00000000c0000000,0x00000000c9202aa0,0x00000000eab00000)
 Metaspace       used 135196K, capacity 157738K, committed 157912K, reserved 1185792K
  class space    used 16976K, capacity 22427K, committed 22488K, reserved 1048576K
}
Event: 11317.777 GC heap before
{Heap before GC invocations=58 (full 4):
 PSYoungGen      total 305152K, used 273476K [0x00000000eab00000, 0x0000000100000000, 0x0000000100000000)
  eden space 263168K, 100% used [0x00000000eab00000,0x00000000fac00000,0x00000000fac00000)
  from space 41984K, 24% used [0x00000000fac00000,0x00000000fb6110e0,0x00000000fd500000)
  to   space 38912K, 0% used [0x00000000fda00000,0x00000000fda00000,0x0000000100000000)
 ParOldGen       total 699392K, used 149514K [0x00000000c0000000, 0x00000000eab00000, 0x00000000eab00000)
  object space 699392K, 21% used [0x00000000c0000000,0x00000000c9202aa0,0x00000000eab00000)
 Metaspace       used 135250K, capacity 157808K, committed 157912K, reserved 1185792K
  class space    used 16976K, capacity 22428K, committed 22488K, reserved 1048576K
Event: 11317.789 GC heap after
Heap after GC invocations=58 (full 4):
 PSYoungGen      total 312320K, used 7004K [0x00000000eab00000, 0x0000000100000000, 0x0000000100000000)
  eden space 273408K, 0% used [0x00000000eab00000,0x00000000eab00000,0x00000000fb600000)
  from space 38912K, 18% used [0x00000000fda00000,0x00000000fe0d7138,0x0000000100000000)
  to   space 36864K, 0% used [0x00000000fb600000,0x00000000fb600000,0x00000000fda00000)
 ParOldGen       total 699392K, used 149522K [0x00000000c0000000, 0x00000000eab00000, 0x00000000eab00000)
  object space 699392K, 21% used [0x00000000c0000000,0x00000000c9204aa0,0x00000000eab00000)
 Metaspace       used 135250K, capacity 157808K, committed 157912K, reserved 1185792K
  class space    used 16976K, capacity 22428K, committed 22488K, reserved 1048576K
}
Event: 11463.153 GC heap before
{Heap before GC invocations=59 (full 4):
 PSYoungGen      total 312320K, used 280412K [0x00000000eab00000, 0x0000000100000000, 0x0000000100000000)
  eden space 273408K, 100% used [0x00000000eab00000,0x00000000fb600000,0x00000000fb600000)
  from space 38912K, 18% used [0x00000000fda00000,0x00000000fe0d7138,0x0000000100000000)
  to   space 36864K, 0% used [0x00000000fb600000,0x00000000fb600000,0x00000000fda00000)
 ParOldGen       total 699392K, used 149522K [0x00000000c0000000, 0x00000000eab00000, 0x00000000eab00000)
  object space 699392K, 21% used [0x00000000c0000000,0x00000000c9204aa0,0x00000000eab00000)
 Metaspace       used 135724K, capacity 158832K, committed 159064K, reserved 1185792K
  class space    used 17065K, capacity 22588K, committed 22616K, reserved 1048576K
Event: 11463.172 GC heap after
Heap after GC invocations=59 (full 4):
 PSYoungGen      total 310272K, used 8572K [0x00000000eab00000, 0x0000000100000000, 0x0000000100000000)
  eden space 273408K, 0% used [0x00000000eab00000,0x00000000eab00000,0x00000000fb600000)
  from space 36864K, 23% used [0x00000000fb600000,0x00000000fbe5f0f0,0x00000000fda00000)
  to   space 34304K, 0% used [0x00000000fde80000,0x00000000fde80000,0x0000000100000000)
 ParOldGen       total 699392K, used 149522K [0x00000000c0000000, 0x00000000eab00000, 0x00000000eab00000)
  object space 699392K, 21% used [0x00000000c0000000,0x00000000c9204aa0,0x00000000eab00000)
 Metaspace       used 135724K, capacity 158832K, committed 159064K, reserved 1185792K
  class space    used 17065K, capacity 22588K, committed 22616K, reserved 1048576K
}

Deoptimization events (10 events):
Event: 11553.638 Thread 0x000000006032d800 Uncommon trap: reason=class_check action=maybe_recompile pc=0x0000000002cb4e34 method=org.apache.catalina.core.ContainerBase.findChildren()[Lorg/apache/catalina/Container; @ 4
Event: 11553.648 Thread 0x0000000058676000 Uncommon trap: reason=unstable_if action=reinterpret pc=0x00000000038ec284 method=org.jboss.msc.service.IdentityHashSet.relocate(I)V @ 43
Event: 11553.742 Thread 0x00000000586a4800 Uncommon trap: reason=class_check action=maybe_recompile pc=0x0000000003de9168 method=com.google.common.cache.LocalCache$Segment.clear()V @ 31
Event: 11553.744 Thread 0x00000000586a4800 Uncommon trap: reason=class_check action=maybe_recompile pc=0x0000000003de9168 method=com.google.common.cache.LocalCache$Segment.clear()V @ 31
Event: 11553.744 Thread 0x00000000586a4800 Uncommon trap: reason=class_check action=maybe_recompile pc=0x0000000003de9168 method=com.google.common.cache.LocalCache$Segment.clear()V @ 31
Event: 11553.744 Thread 0x00000000586a4800 Uncommon trap: reason=class_check action=maybe_recompile pc=0x0000000003de9168 method=com.google.common.cache.LocalCache$Segment.clear()V @ 31
Event: 11553.745 Thread 0x00000000586a4800 Uncommon trap: reason=unstable_if action=reinterpret pc=0x0000000003bf94f4 method=java.util.concurrent.ThreadPoolExecutor.runStateAtLeast(II)Z @ 2
Event: 11553.776 Thread 0x00000000586a4800 Uncommon trap: reason=unstable_if action=reinterpret pc=0x000000000471eb10 method=org.jboss.msc.service.ServiceControllerImpl.getTransition()Lorg/jboss/msc/service/ServiceController$Transition; @ 404
Event: 11553.853 Thread 0x00000000586a4800 Uncommon trap: reason=unstable_if action=reinterpret pc=0x000000000343e19c method=org.jboss.vfs.VFSUtils.safeClose(Ljava/io/Closeable;)V @ 1
Event: 11553.854 Thread 0x0000000058675800 Uncommon trap: reason=unstable_if action=reinterpret pc=0x0000000003854c90 method=org.jboss.msc.service.IdentityHashSet.remove(Ljava/lang/Object;)Z @ 40

Classes redefined (0 events):
No events

Internal exceptions (10 events):
Event: 11553.647 Thread 0x0000000058676000 Exception <a 'java/lang/LinkageError': loader (instance of  org/jboss/modules/ModuleClassLoader): attempted  duplicate class definition for name: "org/jboss/msc/service/ServiceControllerImpl$RemoveTask"> (0x00000000edd15e68) thrown at [C:\re\workspace\8-2
Event: 11553.647 Thread 0x0000000058676000 Exception <a 'java/lang/LinkageError'> (0x00000000edd15e68) thrown at [C:\re\workspace\8-2-build-windows-amd64-cygwin\jdk8u181\11358\hotspot\src\share\vm\classfile\systemDictionary.cpp, line 1541]
Event: 11553.700 Thread 0x0000000058675800 Exception <a 'java/lang/LinkageError': loader (instance of  org/jboss/modules/ModuleClassLoader): attempted  duplicate class definition for name: "org/jboss/as/jpa/service/PersistenceUnitServiceImpl$2"> (0x00000000edc44a68) thrown at [C:\re\workspace\8-2-
Event: 11553.700 Thread 0x0000000058675800 Exception <a 'java/lang/LinkageError'> (0x00000000edc44a68) thrown at [C:\re\workspace\8-2-build-windows-amd64-cygwin\jdk8u181\11358\hotspot\src\share\vm\classfile\systemDictionary.cpp, line 1541]
Event: 11553.700 Thread 0x00000000586ae800 Exception <a 'java/lang/LinkageError': loader (instance of  org/jboss/modules/ModuleClassLoader): attempted  duplicate class definition for name: "org/jboss/as/jpa/service/PersistenceUnitServiceImpl$2"> (0x00000000ed39ba48) thrown at [C:\re\workspace\8-2-
Event: 11553.700 Thread 0x00000000586ae800 Exception <a 'java/lang/LinkageError'> (0x00000000ed39ba48) thrown at [C:\re\workspace\8-2-build-windows-amd64-cygwin\jdk8u181\11358\hotspot\src\share\vm\classfile\systemDictionary.cpp, line 1541]
Event: 11553.700 Thread 0x00000000586a7000 Exception <a 'java/lang/LinkageError': loader (instance of  org/jboss/modules/ModuleClassLoader): attempted  duplicate class definition for name: "org/jboss/as/jpa/service/PersistenceUnitServiceImpl$2"> (0x00000000ed56f6f0) thrown at [C:\re\workspace\8-2-
Event: 11553.700 Thread 0x00000000586a7000 Exception <a 'java/lang/LinkageError'> (0x00000000ed56f6f0) thrown at [C:\re\workspace\8-2-build-windows-amd64-cygwin\jdk8u181\11358\hotspot\src\share\vm\classfile\systemDictionary.cpp, line 1541]
Event: 11553.837 Thread 0x00000000586a4800 Exception <a 'java/lang/LinkageError': loader (instance of  org/jboss/modules/ModuleClassLoader): attempted  duplicate class definition for name: "org/jboss/as/cmp/processors/Attachments"> (0x00000000edc0f650) thrown at [C:\re\workspace\8-2-build-windows-
Event: 11553.837 Thread 0x00000000586a4800 Exception <a 'java/lang/LinkageError'> (0x00000000edc0f650) thrown at [C:\re\workspace\8-2-build-windows-amd64-cygwin\jdk8u181\11358\hotspot\src\share\vm\classfile\systemDictionary.cpp, line 1541]

Events (10 events):
Event: 11553.852 Executing VM operation: RevokeBias
Event: 11553.852 Executing VM operation: RevokeBias done
Event: 11553.852 Executing VM operation: BulkRevokeBias
Event: 11553.853 Executing VM operation: BulkRevokeBias done
Event: 11553.853 Thread 0x00000000586a4800 Uncommon trap: trap_request=0xffffff65 fr.pc=0x000000000343e19c
Event: 11553.853 Thread 0x00000000586a4800 DEOPT PACKING pc=0x000000000343e19c sp=0x000000005912e970
Event: 11553.853 Thread 0x00000000586a4800 DEOPT UNPACKING pc=0x00000000028c583b sp=0x000000005912e910 mode 2
Event: 11553.854 Thread 0x0000000058675800 Uncommon trap: trap_request=0xffffff65 fr.pc=0x0000000003854c90
Event: 11553.854 Thread 0x0000000058675800 DEOPT PACKING pc=0x0000000003854c90 sp=0x0000000058fbea60
Event: 11553.854 Thread 0x0000000058675800 DEOPT UNPACKING pc=0x00000000028c583b sp=0x0000000058fbea38 mode 2


Dynamic libraries:
0x000000013f490000 - 0x000000013f4c7000 	C:\Program Files\Java\jdk1.8.0_181\bin\javaw.exe
0x0000000077710000 - 0x00000000778af000 	C:\windows\SYSTEM32\ntdll.dll
0x00000000775f0000 - 0x000000007770f000 	C:\windows\system32\kernel32.dll
0x000007fefd590000 - 0x000007fefd5fa000 	C:\windows\system32\KERNELBASE.dll
0x0000000074f40000 - 0x0000000074fd5000 	C:\windows\System32\SYSFER.DLL
0x000007fefe6b0000 - 0x000007fefe78b000 	C:\windows\system32\ADVAPI32.dll
0x000007feff660000 - 0x000007feff6ff000 	C:\windows\system32\msvcrt.dll
0x000007feff910000 - 0x000007feff92f000 	C:\windows\SYSTEM32\sechost.dll
0x000007fefe0b0000 - 0x000007fefe1dd000 	C:\windows\system32\RPCRT4.dll
0x00000000774f0000 - 0x00000000775ea000 	C:\windows\system32\USER32.dll
0x000007fefdc60000 - 0x000007fefdcc7000 	C:\windows\system32\GDI32.dll
0x000007feff900000 - 0x000007feff90e000 	C:\windows\system32\LPK.dll
0x000007fefdfd0000 - 0x000007fefe09b000 	C:\windows\system32\USP10.dll
0x000007fefb7e0000 - 0x000007fefb9d4000 	C:\windows\WinSxS\amd64_microsoft.windows.common-controls_6595b64144ccf1df_6.0.7601.18837_none_fa3b1e3d17594757\COMCTL32.dll
0x000007fefe420000 - 0x000007fefe491000 	C:\windows\system32\SHLWAPI.dll
0x000007fefdcd0000 - 0x000007fefdcfe000 	C:\windows\system32\IMM32.DLL
0x000007fefe4a0000 - 0x000007fefe5a9000 	C:\windows\system32\MSCTF.dll
0x000000006eca0000 - 0x000000006ed72000 	C:\Program Files\Java\jdk1.8.0_181\jre\bin\msvcr100.dll
0x0000000070e00000 - 0x00000000716a2000 	C:\Program Files\Java\jdk1.8.0_181\jre\bin\server\jvm.dll
0x000007fef68b0000 - 0x000007fef68b9000 	C:\windows\system32\WSOCK32.dll
0x000007feff9b0000 - 0x000007feff9fd000 	C:\windows\system32\WS2_32.dll
0x000007fefe0a0000 - 0x000007fefe0a8000 	C:\windows\system32\NSI.dll
0x000007fefb2f0000 - 0x000007fefb32b000 	C:\windows\system32\WINMM.dll
0x000007fefc330000 - 0x000007fefc33c000 	C:\windows\system32\VERSION.dll
0x00000000778c0000 - 0x00000000778c7000 	C:\windows\system32\PSAPI.DLL
0x00000000727f0000 - 0x00000000727ff000 	C:\Program Files\Java\jdk1.8.0_181\jre\bin\verify.dll
0x0000000072770000 - 0x0000000072799000 	C:\Program Files\Java\jdk1.8.0_181\jre\bin\java.dll
0x0000000072730000 - 0x0000000072765000 	C:\Program Files\Java\jdk1.8.0_181\jre\bin\jdwp.dll
0x0000000072850000 - 0x0000000072858000 	C:\Program Files\Java\jdk1.8.0_181\jre\bin\npt.dll
0x00000000727d0000 - 0x00000000727e6000 	C:\Program Files\Java\jdk1.8.0_181\jre\bin\zip.dll
0x000007fefe8d0000 - 0x000007feff65a000 	C:\windows\system32\SHELL32.dll
0x000007feff700000 - 0x000007feff8ff000 	C:\windows\system32\ole32.dll
0x000007fefd260000 - 0x000007fefd26f000 	C:\windows\system32\profapi.dll
0x0000000072720000 - 0x0000000072729000 	C:\Program Files\Java\jdk1.8.0_181\jre\bin\dt_socket.dll
0x000007fefb090000 - 0x000007fefb0a5000 	C:\windows\system32\NLAapi.dll
0x000007fef89e0000 - 0x000007fef89f5000 	C:\windows\system32\napinsp.dll
0x000007fef8a00000 - 0x000007fef8a19000 	C:\windows\system32\pnrpnsp.dll
0x000007fefc9f0000 - 0x000007fefca45000 	C:\windows\System32\mswsock.dll
0x000007fefc870000 - 0x000007fefc8cb000 	C:\windows\system32\DNSAPI.dll
0x000007fef89c0000 - 0x000007fef89cb000 	C:\windows\System32\winrnr.dll
0x000007fef89b0000 - 0x000007fef89c0000 	C:\windows\system32\wshbth.dll
0x000007fefa140000 - 0x000007fefa167000 	C:\windows\system32\IPHLPAPI.DLL
0x000007fefa130000 - 0x000007fefa13b000 	C:\windows\system32\WINNSI.DLL
0x000007fef9d90000 - 0x000007fef9de3000 	C:\windows\System32\fwpuclnt.dll
0x000007fef89d0000 - 0x000007fef89d8000 	C:\windows\system32\rasadhlp.dll
0x000007fefc400000 - 0x000007fefc407000 	C:\windows\System32\wshtcpip.dll
0x0000000072710000 - 0x000000007271d000 	C:\Program Files\Java\jdk1.8.0_181\jre\bin\management.dll
0x00000000726f0000 - 0x000000007270a000 	C:\Program Files\Java\jdk1.8.0_181\jre\bin\net.dll
0x000007fefc9e0000 - 0x000007fefc9e7000 	C:\windows\System32\wship6.dll
0x00000000726d0000 - 0x00000000726e1000 	C:\Program Files\Java\jdk1.8.0_181\jre\bin\nio.dll
0x000007fef9d60000 - 0x000007fef9d78000 	C:\windows\system32\dhcpcsvc.DLL
0x000007fef9d40000 - 0x000007fef9d51000 	C:\windows\system32\dhcpcsvc6.DLL
0x000007fefca50000 - 0x000007fefca68000 	C:\windows\system32\CRYPTSP.dll
0x000007fefc750000 - 0x000007fefc797000 	C:\windows\system32\rsaenh.dll
0x000007fefd390000 - 0x000007fefd3ae000 	C:\windows\system32\USERENV.dll
0x000007fefd100000 - 0x000007fefd10f000 	C:\windows\system32\CRYPTBASE.dll
0x00000000726a0000 - 0x00000000726c4000 	C:\Program Files\Java\jdk1.8.0_181\jre\bin\sunec.dll
0x0000000072690000 - 0x000000007269b000 	C:\Program Files\Java\jdk1.8.0_181\jre\bin\sunmscapi.dll
0x000007fefd3f0000 - 0x000007fefd55d000 	C:\windows\system32\CRYPT32.dll
0x000007fefd270000 - 0x000007fefd27f000 	C:\windows\system32\MSASN1.dll
0x000007fefd0a0000 - 0x000007fefd0f7000 	C:\windows\system32\apphelp.dll
0x000007fef8a60000 - 0x000007fef8b85000 	C:\windows\system32\dbghelp.dll

VM Arguments:
jvm_args: -agentlib:jdwp=transport=dt_socket,suspend=y,address=localhost:50723 -Dprogram.name=JBossTools: Red Hat JBoss EAP 6.1+ -Xms1024m -Xmx1024m -XX:MaxPermSize=256m -Dorg.jboss.resolver.warning=true -Djava.net.preferIPv4Stack=true -Dsun.rmi.dgc.client.gcInterval=3600000 -Dsun.rmi.dgc.server.gcInterval=3600000 -Djboss.modules.system.pkgs=org.jboss.byteman -Djava.awt.headless=true -Dorg.jboss.boot.log.file=C:\kit\jboss-eap-6.3.2\standalone\log\boot.log -Dlogging.configuration=file:C:\kit\jboss-eap-6.3.2\standalone\configuration\logging.properties -Djboss.home.dir=C:\kit\jboss-eap-6.3.2 -Dorg.jboss.logmanager.nocolor=true -Djboss.bind.address.management=localhost -Dfile.encoding=UTF-8 
java_command: org.jboss.modules.Main -mp C:\kit\jboss-eap-6.3.2\modules -jaxpmodule javax.xml.jaxp-provider -jaxpmodule javax.xml.jaxp-provider org.jboss.as.standalone -b localhost --server-config=standalone.xml -Djboss.server.base.dir=C:\kit\jboss-eap-6.3.2\standalone
java_class_path (initial): C:\kit\jboss-eap-6.3.2\jboss-modules.jar;C:\Program Files\Java\jdk1.8.0_181\jre\lib\resources.jar;C:\Program Files\Java\jdk1.8.0_181\jre\lib\rt.jar;C:\Program Files\Java\jdk1.8.0_181\jre\lib\jsse.jar;C:\Program Files\Java\jdk1.8.0_181\jre\lib\jce.jar;C:\Program Files\Java\jdk1.8.0_181\jre\lib\charsets.jar;C:\Program Files\Java\jdk1.8.0_181\jre\lib\jfr.jar
Launcher Type: SUN_STANDARD

Environment Variables:
JAVA_HOME=C:\Program Files\Java\jdk1.8.0_181\
PATH=C:\Program Files\Java\jdk1.8.0_181\jre\bin;native;C:/Program Files/Java/jre1.8.0_181/bin/server;C:/Program Files/Java/jre1.8.0_181/bin;C:/Program Files/Java/jre1.8.0_181/lib/amd64;C:\Program Files (x86)\Common Files\Oracle\Java\javapath;C:\Program Files (x86)\Intel\iCLS Client\;C:\Program Files\Intel\iCLS Client\;C:\windows\system32;C:\windows;C:\windows\System32\Wbem;C:\windows\System32\WindowsPowerShell\v1.0\;C:\Program Files (x86)\Intel\Intel(R) Management Engine Components\DAL;C:\Program Files\Intel\Intel(R) Management Engine Components\DAL;C:\Program Files (x86)\Intel\Intel(R) Management Engine Components\IPT;C:\Program Files\Intel\Intel(R) Management Engine Components\IPT;C:\Program Files\Git\cmd;C:\Program Files\TortoiseGit\bin;C:\Program Files (x86)\WinMerge;C:\Program Files\PuTTY\;C:\Program Files\nodejs\;C:\Program Files (x86)\IBM\RationalSDLC\clearcase\RemoteClient\cteapis;;C:\Users\fabio.machado.ext\AppData\Local\Programs\Microsoft VS Code\bin;C:\Users\fabio.machado.ext\AppData\Roaming\npm;C:\kit\apache-maven-3.3.9\bin;%jJAVA_HOME%\bin;C:\kit\IDE\eclipse-jee-photon-R-win32-x86_64\eclipse;
USERNAME=fabio.machado.ext
OS=Windows_NT
PROCESSOR_IDENTIFIER=Intel64 Family 6 Model 78 Stepping 3, GenuineIntel



---------------  S Y S T E M  ---------------

OS: Windows 7 , 64 bit Build 7601 (6.1.7601.24308)

CPU:total 4 (initial active 4) (2 cores per cpu, 2 threads per core) family 6 model 78 stepping 3, cmov, cx8, fxsr, mmx, sse, sse2, sse3, ssse3, sse4.1, sse4.2, popcnt, avx, avx2, aes, clmul, erms, 3dnowpref, lzcnt, ht, tsc, tscinvbit, bmi1, bmi2, adx

Memory: 4k page, physical 8179868k(1091900k free), swap 16357836k(6839512k free)

vm_info: Java HotSpot(TM) 64-Bit Server VM (25.181-b13) for windows-amd64 JRE (1.8.0_181-b13), built on Jul  7 2018 04:01:33 by "java_re" with MS VC++ 10.0 (VS2010)

time: Thu Jan 10 13:04:15 2019
elapsed time: 11553 seconds (0d 3h 12m 33s)

